<?xml version="1.0" encoding="UTF-8"?>
<!-- Generated by org.testng.reporters.JUnitXMLReporter -->
<testsuite ignored="0" hostname="DESKTOP-BD6HH3L" failures="0" tests="2" name="Default test" time="21.92" errors="0" timestamp="2021-11-06T22:50:40 IST">
  <testcase classname="com.mystore.qa.testcases.LandingPageTest" name="loginPageTitleTest" time="0.015"/>
  <testcase classname="com.mystore.qa.testcases.LandingPageTest" name="directToLoginPageTest" time="3.079"/>
</testsuite> <!-- Default test -->
