<?xml version="1.0" encoding="UTF-8"?>
<!-- Generated by org.testng.reporters.JUnitXMLReporter -->
<testsuite ignored="0" hostname="DESKTOP-BD6HH3L" failures="0" tests="39" name="My Store Test Cases" time="989.627" errors="0" timestamp="2021-11-10T14:30:34 IST">
  <testcase classname="com.mystore.qa.testcases.LandingPageTest" name="loginPageTitleTest" time="0.045"/>
  <testcase classname="com.mystore.qa.testcases.LandingPageTest" name="directToLoginPageTest" time="2.097"/>
  <testcase classname="com.mystore.qa.testcases.LoginPageTest" name="loginPageTitleTest" time="0.02"/>
  <testcase classname="com.mystore.qa.testcases.LoginPageTest" name="loginPagelogoTest" time="0.073"/>
  <testcase classname="com.mystore.qa.testcases.LoginPageTest" name="loginTest" time="2.065"/>
  <testcase classname="com.mystore.qa.testcases.HomePageTest" name="HomePageTitleTest" time="0.016"/>
  <testcase classname="com.mystore.qa.testcases.HomePageTest" name="HomePageUserNameTest" time="0.063"/>
  <testcase classname="com.mystore.qa.testcases.HomePageTest" name="directToWomenDressPageTest" time="2.683"/>
  <testcase classname="com.mystore.qa.testcases.WomenDressPageTest" name="WomenDressPageTitleTest" time="0.009"/>
  <testcase classname="com.mystore.qa.testcases.WomenDressPageTest" name="WomenDressPageValidateTest" time="0.065"/>
  <testcase classname="com.mystore.qa.testcases.WomenDressPageTest" name="addOneItemAndViewOneItemTest" time="4.6"/>
  <testcase classname="com.mystore.qa.testcases.PrintedDressPageTest" name="PrinteDressPageTitleTest" time="0.004"/>
  <testcase classname="com.mystore.qa.testcases.PrintedDressPageTest" name="PrintedDressPageValidateTest" time="0.052"/>
  <testcase classname="com.mystore.qa.testcases.PrintedDressPageTest" name="AddItemAndProceedToCheckoutTest" time="2.951"/>
  <testcase classname="com.mystore.qa.testcases.ShoppingCartSummaryPageTest" name="PrinteDressPageTitleTest" time="0.007"/>
  <testcase classname="com.mystore.qa.testcases.ShoppingCartSummaryPageTest" name="PrintedDressPageValidateTest" time="0.052"/>
  <testcase classname="com.mystore.qa.testcases.ShoppingCartSummaryPageTest" name="TwoProductsTest" time="0.055"/>
  <testcase classname="com.mystore.qa.testcases.ShoppingCartSummaryPageTest" name="ExactTwoProductsTest" time="0.08"/>
  <testcase classname="com.mystore.qa.testcases.ShoppingCartSummaryPageTest" name="ProceedToCheckoutTest" time="2.166"/>
  <testcase classname="com.mystore.qa.testcases.AddressPageTest" name="AddressPageTitleTest" time="0.006"/>
  <testcase classname="com.mystore.qa.testcases.AddressPageTest" name="AddressPageValidateTest" time="0.055"/>
  <testcase classname="com.mystore.qa.testcases.AddressPageTest" name="ProceedToCheckoutTest" time="1.818"/>
  <testcase classname="com.mystore.qa.testcases.ShippingPageTest" name="ShippingPageTitleTest" time="0.015"/>
  <testcase classname="com.mystore.qa.testcases.ShippingPageTest" name="ShippingPageValidateTest" time="0.062"/>
  <testcase classname="com.mystore.qa.testcases.ShippingPageTest" name="ProceedToCheckoutTest" time="1.748"/>
  <testcase classname="com.mystore.qa.testcases.PaymentPageTest" name="PaymentPageTitleTest" time="0.008"/>
  <testcase classname="com.mystore.qa.testcases.PaymentPageTest" name="PaymentPageValidateTest" time="0.059"/>
  <testcase classname="com.mystore.qa.testcases.PaymentPageTest" name="ProceedToCheckoutTest" time="1.2"/>
  <testcase classname="com.mystore.qa.testcases.OrderSummaryPageTest" name="OrderSummaryPageTitleTest" time="0.012"/>
  <testcase classname="com.mystore.qa.testcases.OrderSummaryPageTest" name="OrderSummaryPageValidateTest" time="0.055"/>
  <testcase classname="com.mystore.qa.testcases.OrderSummaryPageTest" name="CheckOrderSummaryPageValidateTest" time="0.049"/>
  <testcase classname="com.mystore.qa.testcases.OrderSummaryPageTest" name="OrderProceedToCheckoutTest" time="2.937"/>
  <testcase classname="com.mystore.qa.testcases.ConfirmationPageTest" name="ConfirmationPageTitleTest" time="0.013"/>
  <testcase classname="com.mystore.qa.testcases.ConfirmationPageTest" name="ConfirmationPageValidateTest" time="0.046"/>
  <testcase classname="com.mystore.qa.testcases.ConfirmationPageTest" name="BackToOrderHistoryTest" time="3.355"/>
  <testcase classname="com.mystore.qa.testcases.OrderHistoryPageTest" name="OrderHistoryPageTitleTest" time="0.005"/>
  <testcase classname="com.mystore.qa.testcases.OrderHistoryPageTest" name="OrderHistoryPageValidateTest" time="0.047"/>
  <testcase classname="com.mystore.qa.testcases.OrderHistoryPageTest" name="CheckTheDateOfOrderTest" time="0.046"/>
  <testcase classname="com.mystore.qa.testcases.OrderHistoryPageTest" name="DownLoadInvoiceTest" time="0.101"/>
</testsuite> <!-- My Store Test Cases -->
