<?xml version="1.0" encoding="UTF-8" ?>
<testsuite tests="39" failures="1" name="TestSuite" time="37.8" errors="0" skipped="0">
  <properties>
[...]
</properties>
  <testcase classname="com.mystore.qa.testcases.AddressPageTest" name="AddressPageTitleTest" time="0.011"/>
  <testcase classname="com.mystore.qa.testcases.AddressPageTest" name="AddressPageValidateTest" time="0.051"/>
  <testcase classname="com.mystore.qa.testcases.AddressPageTest" name="ProceedToCheckoutTest" time="1.562"/>
  <testcase classname="com.mystore.qa.testcases.ConfirmationPageTest" name="ConfirmationPageTitleTest" time="0.004"/>
  <testcase classname="com.mystore.qa.testcases.ConfirmationPageTest" name="ConfirmationPageValidateTest" time="0.06"/>
  <testcase classname="com.mystore.qa.testcases.ConfirmationPageTest" name="BackToOrderHistoryTest" time="2.549"/>
  <testcase classname="com.mystore.qa.testcases.HomePageTest" name="HomePageTitleTest" time="0.006"/>
  <testcase classname="com.mystore.qa.testcases.HomePageTest" name="HomePageUserNameTest" time="0.035"/>
  <testcase classname="com.mystore.qa.testcases.HomePageTest" name="directToWomenDressPageTest" time="2.753"/>
  <testcase classname="com.mystore.qa.testcases.LandingPageTest" name="loginPageTitleTest" time="0.007"/>
  <testcase classname="com.mystore.qa.testcases.LandingPageTest" name="directToLoginPageTest" time="1.943"/>
  <testcase classname="com.mystore.qa.testcases.LoginPageTest" name="loginPageTitleTest" time="0.008"/>
  <testcase classname="com.mystore.qa.testcases.LoginPageTest" name="loginPagelogoTest" time="0.05"/>
  <testcase classname="com.mystore.qa.testcases.LoginPageTest" name="loginTest" time="2.279"/>
  <testcase classname="com.mystore.qa.testcases.OrderHistoryPageTest" name="OrderHistoryPageTitleTest" time="0.004"/>
  <testcase classname="com.mystore.qa.testcases.OrderHistoryPageTest" name="OrderHistoryPageValidateTest" time="0.031"/>
  <testcase classname="com.mystore.qa.testcases.OrderHistoryPageTest" name="CheckTheDateOfOrderTest" time="0.026"/>
  <testcase classname="com.mystore.qa.testcases.OrderHistoryPageTest" name="DownLoadInvoiceTest" time="10.202">
    <failure message="element not interactable
  (Session info: chrome=95.0.4638.69)
Build info: version: &apos;3.141.59&apos;, revision: &apos;e82be7d358&apos;, time: &apos;2018-11-14T08:17:03&apos;
System info: host: &apos;DESKTOP-BD6HH3L&apos;, ip: &apos;192.168.1.6&apos;, os.name: &apos;Windows 10&apos;, os.arch: &apos;amd64&apos;, os.version: &apos;10.0&apos;, java.version: &apos;11.0.11&apos;
Driver info: org.openqa.selenium.chrome.ChromeDriver
Capabilities {acceptInsecureCerts: false, browserName: chrome, browserVersion: 95.0.4638.69, chrome: {chromedriverVersion: 95.0.4638.17 (a9d0719444d4b..., userDataDir: C:\WINDOWS\TEMP\scoped_dir1...}, goog:chromeOptions: {debuggerAddress: localhost:18498}, javascriptEnabled: true, networkConnectionEnabled: false, pageLoadStrategy: normal, platform: WINDOWS, platformName: WINDOWS, proxy: Proxy(), setWindowRect: true, strictFileInteractability: false, timeouts: {implicit: 0, pageLoad: 300000, script: 30000}, unhandledPromptBehavior: dismiss and notify, webauthn:extension:credBlob: true, webauthn:extension:largeBlob: true, webauthn:virtualAuthenticators: true}
Session ID: 584801e0c5b2a30e07790f8d11a1ce19" type="org.openqa.selenium.ElementNotInteractableException">org.openqa.selenium.ElementNotInteractableException: element not interactable
  (Session info: chrome=95.0.4638.69)
Build info: version: &apos;3.141.59&apos;, revision: &apos;e82be7d358&apos;, time: &apos;2018-11-14T08:17:03&apos;
System info: host: &apos;DESKTOP-BD6HH3L&apos;, ip: &apos;192.168.1.6&apos;, os.name: &apos;Windows 10&apos;, os.arch: &apos;amd64&apos;, os.version: &apos;10.0&apos;, java.version: &apos;11.0.11&apos;
Driver info: org.openqa.selenium.chrome.ChromeDriver
Capabilities {acceptInsecureCerts: false, browserName: chrome, browserVersion: 95.0.4638.69, chrome: {chromedriverVersion: 95.0.4638.17 (a9d0719444d4b..., userDataDir: C:\WINDOWS\TEMP\scoped_dir1...}, goog:chromeOptions: {debuggerAddress: localhost:18498}, javascriptEnabled: true, networkConnectionEnabled: false, pageLoadStrategy: normal, platform: WINDOWS, platformName: WINDOWS, proxy: Proxy(), setWindowRect: true, strictFileInteractability: false, timeouts: {implicit: 0, pageLoad: 300000, script: 30000}, unhandledPromptBehavior: dismiss and notify, webauthn:extension:credBlob: true, webauthn:extension:largeBlob: true, webauthn:virtualAuthenticators: true}
Session ID: 584801e0c5b2a30e07790f8d11a1ce19
	at java.base/jdk.internal.reflect.NativeConstructorAccessorImpl.newInstance0(Native Method)
	at java.base/jdk.internal.reflect.NativeConstructorAccessorImpl.newInstance(NativeConstructorAccessorImpl.java:62)
	at java.base/jdk.internal.reflect.DelegatingConstructorAccessorImpl.newInstance(DelegatingConstructorAccessorImpl.java:45)
	at java.base/java.lang.reflect.Constructor.newInstance(Constructor.java:490)
	at org.openqa.selenium.remote.http.W3CHttpResponseCodec.createException(W3CHttpResponseCodec.java:187)
	at org.openqa.selenium.remote.http.W3CHttpResponseCodec.decode(W3CHttpResponseCodec.java:122)
	at org.openqa.selenium.remote.http.W3CHttpResponseCodec.decode(W3CHttpResponseCodec.java:49)
	at org.openqa.selenium.remote.HttpCommandExecutor.execute(HttpCommandExecutor.java:158)
	at org.openqa.selenium.remote.service.DriverCommandExecutor.execute(DriverCommandExecutor.java:83)
	at org.openqa.selenium.remote.RemoteWebDriver.execute(RemoteWebDriver.java:552)
	at org.openqa.selenium.remote.RemoteWebElement.execute(RemoteWebElement.java:285)
	at org.openqa.selenium.remote.RemoteWebElement.click(RemoteWebElement.java:84)
	at jdk.internal.reflect.GeneratedMethodAccessor2.invoke(Unknown Source)
	at java.base/jdk.internal.reflect.DelegatingMethodAccessorImpl.invoke(DelegatingMethodAccessorImpl.java:43)
	at java.base/java.lang.reflect.Method.invoke(Method.java:566)
	at org.openqa.selenium.support.events.EventFiringWebDriver$EventFiringWebElement.lambda$new$0(EventFiringWebDriver.java:404)
	at com.sun.proxy.$Proxy14.click(Unknown Source)
	at org.openqa.selenium.support.events.EventFiringWebDriver$EventFiringWebElement.click(EventFiringWebDriver.java:417)
	at jdk.internal.reflect.GeneratedMethodAccessor2.invoke(Unknown Source)
	at java.base/jdk.internal.reflect.DelegatingMethodAccessorImpl.invoke(DelegatingMethodAccessorImpl.java:43)
	at java.base/java.lang.reflect.Method.invoke(Method.java:566)
	at org.openqa.selenium.support.pagefactory.internal.LocatingElementHandler.invoke(LocatingElementHandler.java:51)
	at com.sun.proxy.$Proxy13.click(Unknown Source)
	at com.mystore.qa.pages.OrderHistoryPage.clickOnFirstOrder(OrderHistoryPage.java:47)
	at com.mystore.qa.testcases.OrderHistoryPageTest.DownLoadInvoiceTest(OrderHistoryPageTest.java:84)
</failure>
    <system-out>Before navigating to: &apos;http://automationpractice.com/index.php?&apos;
Navigated to:&apos;http://automationpractice.com/index.php?&apos;
Trying to find Element By : By.xpath: //a[@class=&apos;login&apos;]
Found Element By : By.xpath: //a[@class=&apos;login&apos;]
Trying to click on: [[ChromeDriver: chrome on WINDOWS (584801e0c5b2a30e07790f8d11a1ce19)] -&gt; xpath: //a[@class=&apos;login&apos;]]
Clicked on: [[ChromeDriver: chrome on WINDOWS (584801e0c5b2a30e07790f8d11a1ce19)] -&gt; xpath: //a[@class=&apos;login&apos;]]
Trying to find Element By : By.xpath: //input[@id=&apos;email&apos;]
Found Element By : By.xpath: //input[@id=&apos;email&apos;]
Trying to find Element By : By.xpath: //input[@id=&apos;passwd&apos;]
Found Element By : By.xpath: //input[@id=&apos;passwd&apos;]
Trying to find Element By : By.xpath: //button[@name=&apos;SubmitLogin&apos;]
Found Element By : By.xpath: //button[@name=&apos;SubmitLogin&apos;]
Trying to click on: [[ChromeDriver: chrome on WINDOWS (584801e0c5b2a30e07790f8d11a1ce19)] -&gt; xpath: //button[@name=&apos;SubmitLogin&apos;]]
Clicked on: [[ChromeDriver: chrome on WINDOWS (584801e0c5b2a30e07790f8d11a1ce19)] -&gt; xpath: //button[@name=&apos;SubmitLogin&apos;]]
Trying to find Element By : By.xpath: //a[@title=&apos;Women&apos;]
Found Element By : By.xpath: //a[@title=&apos;Women&apos;]
Trying to click on: [[ChromeDriver: chrome on WINDOWS (584801e0c5b2a30e07790f8d11a1ce19)] -&gt; xpath: //a[@title=&apos;Women&apos;]]
Clicked on: [[ChromeDriver: chrome on WINDOWS (584801e0c5b2a30e07790f8d11a1ce19)] -&gt; xpath: //a[@title=&apos;Women&apos;]]
Trying to find Element By : By.xpath: //*[@id=&quot;center_column&quot;]/ul/li[1]/div/div[2]
Found Element By : By.xpath: //*[@id=&quot;center_column&quot;]/ul/li[1]/div/div[2]
Trying to find Element By : By.xpath: //*[@id=&quot;center_column&quot;]/ul/li[1]/div/div[2]/div[2]/a[1]/span
Found Element By : By.xpath: //*[@id=&quot;center_column&quot;]/ul/li[1]/div/div[2]/div[2]/a[1]/span
Trying to click on: [[ChromeDriver: chrome on WINDOWS (584801e0c5b2a30e07790f8d11a1ce19)] -&gt; xpath: //*[@id=&quot;center_column&quot;]/ul/li[1]/div/div[2]/div[2]/a[1]/span]
Clicked on: [[ChromeDriver: chrome on WINDOWS (584801e0c5b2a30e07790f8d11a1ce19)] -&gt; xpath: //*[@id=&quot;center_column&quot;]/ul/li[1]/div/div[2]/div[2]/a[1]/span]
Trying to find Element By : By.xpath: //*[@id=&quot;layer_cart&quot;]/div[1]/div[2]/div[4]/span/span
Found Element By : By.xpath: //*[@id=&quot;layer_cart&quot;]/div[1]/div[2]/div[4]/span/span
Trying to click on: [[ChromeDriver: chrome on WINDOWS (584801e0c5b2a30e07790f8d11a1ce19)] -&gt; xpath: //*[@id=&quot;layer_cart&quot;]/div[1]/div[2]/div[4]/span/span]
Clicked on: [[ChromeDriver: chrome on WINDOWS (584801e0c5b2a30e07790f8d11a1ce19)] -&gt; xpath: //*[@id=&quot;layer_cart&quot;]/div[1]/div[2]/div[4]/span/span]
Trying to find Element By : By.xpath: //*[@id=&quot;center_column&quot;]/ul/li[6]/div/div[2]
Found Element By : By.xpath: //*[@id=&quot;center_column&quot;]/ul/li[6]/div/div[2]
Trying to find Element By : By.xpath: //*[@id=&quot;center_column&quot;]/ul/li[6]/div/div[2]/div[2]/a[2]/span
Found Element By : By.xpath: //*[@id=&quot;center_column&quot;]/ul/li[6]/div/div[2]/div[2]/a[2]/span
Trying to click on: [[ChromeDriver: chrome on WINDOWS (584801e0c5b2a30e07790f8d11a1ce19)] -&gt; xpath: //*[@id=&quot;center_column&quot;]/ul/li[6]/div/div[2]/div[2]/a[2]/span]
Clicked on: [[ChromeDriver: chrome on WINDOWS (584801e0c5b2a30e07790f8d11a1ce19)] -&gt; xpath: //*[@id=&quot;center_column&quot;]/ul/li[6]/div/div[2]/div[2]/a[2]/span]
Trying to find Element By : By.name: group_1
Found Element By : By.name: group_1
Trying to find Element By : By.xpath: .//option[normalize-space(.) = &quot;L&quot;]
Found Element By : By.xpath: .//option[normalize-space(.) = &quot;L&quot;]
Trying to click on: [[[[ChromeDriver: chrome on WINDOWS (584801e0c5b2a30e07790f8d11a1ce19)] -&gt; name: group_1]] -&gt; xpath: .//option[normalize-space(.) = &quot;L&quot;]]
Clicked on: [[[[ChromeDriver: chrome on WINDOWS (584801e0c5b2a30e07790f8d11a1ce19)] -&gt; name: group_1]] -&gt; xpath: .//option[normalize-space(.) = &quot;L&quot;]]
Trying to find Element By : By.xpath: //*[@id=&quot;color_8&quot;]
Found Element By : By.xpath: //*[@id=&quot;color_8&quot;]
Trying to click on: [[ChromeDriver: chrome on WINDOWS (584801e0c5b2a30e07790f8d11a1ce19)] -&gt; xpath: //*[@id=&quot;color_8&quot;]]
Clicked on: [[ChromeDriver: chrome on WINDOWS (584801e0c5b2a30e07790f8d11a1ce19)] -&gt; xpath: //*[@id=&quot;color_8&quot;]]
Trying to find Element By : By.xpath: //*[@id=&quot;add_to_cart&quot;]/button/span
Found Element By : By.xpath: //*[@id=&quot;add_to_cart&quot;]/button/span
Trying to click on: [[ChromeDriver: chrome on WINDOWS (584801e0c5b2a30e07790f8d11a1ce19)] -&gt; xpath: //*[@id=&quot;add_to_cart&quot;]/button/span]
Clicked on: [[ChromeDriver: chrome on WINDOWS (584801e0c5b2a30e07790f8d11a1ce19)] -&gt; xpath: //*[@id=&quot;add_to_cart&quot;]/button/span]
Trying to find Element By : By.xpath: //*[@id=&quot;layer_cart&quot;]/div[1]/div[2]/div[4]/a/span
Found Element By : By.xpath: //*[@id=&quot;layer_cart&quot;]/div[1]/div[2]/div[4]/a/span
Trying to click on: [[ChromeDriver: chrome on WINDOWS (584801e0c5b2a30e07790f8d11a1ce19)] -&gt; xpath: //*[@id=&quot;layer_cart&quot;]/div[1]/div[2]/div[4]/a/span]
Clicked on: [[ChromeDriver: chrome on WINDOWS (584801e0c5b2a30e07790f8d11a1ce19)] -&gt; xpath: //*[@id=&quot;layer_cart&quot;]/div[1]/div[2]/div[4]/a/span]
Trying to find Element By : By.xpath: //*[@id=&quot;center_column&quot;]/p[2]/a[1]/span
Found Element By : By.xpath: //*[@id=&quot;center_column&quot;]/p[2]/a[1]/span
Trying to click on: [[ChromeDriver: chrome on WINDOWS (584801e0c5b2a30e07790f8d11a1ce19)] -&gt; xpath: //*[@id=&quot;center_column&quot;]/p[2]/a[1]/span]
Clicked on: [[ChromeDriver: chrome on WINDOWS (584801e0c5b2a30e07790f8d11a1ce19)] -&gt; xpath: //*[@id=&quot;center_column&quot;]/p[2]/a[1]/span]
Trying to find Element By : By.xpath: //*[@id=&quot;ordermsg&quot;]/textarea
Found Element By : By.xpath: //*[@id=&quot;ordermsg&quot;]/textarea
Trying to click on: [[ChromeDriver: chrome on WINDOWS (584801e0c5b2a30e07790f8d11a1ce19)] -&gt; xpath: //*[@id=&quot;ordermsg&quot;]/textarea]
Clicked on: [[ChromeDriver: chrome on WINDOWS (584801e0c5b2a30e07790f8d11a1ce19)] -&gt; xpath: //*[@id=&quot;ordermsg&quot;]/textarea]
Trying to find Element By : By.xpath: //*[@id=&quot;center_column&quot;]/form/p/button/span
Found Element By : By.xpath: //*[@id=&quot;center_column&quot;]/form/p/button/span
Trying to click on: [[ChromeDriver: chrome on WINDOWS (584801e0c5b2a30e07790f8d11a1ce19)] -&gt; xpath: //*[@id=&quot;center_column&quot;]/form/p/button/span]
Clicked on: [[ChromeDriver: chrome on WINDOWS (584801e0c5b2a30e07790f8d11a1ce19)] -&gt; xpath: //*[@id=&quot;center_column&quot;]/form/p/button/span]
Trying to find Element By : By.xpath: //*[@id=&quot;cgv&quot;]
Found Element By : By.xpath: //*[@id=&quot;cgv&quot;]
Trying to click on: [[ChromeDriver: chrome on WINDOWS (584801e0c5b2a30e07790f8d11a1ce19)] -&gt; xpath: //*[@id=&quot;cgv&quot;]]
Clicked on: [[ChromeDriver: chrome on WINDOWS (584801e0c5b2a30e07790f8d11a1ce19)] -&gt; xpath: //*[@id=&quot;cgv&quot;]]
Trying to find Element By : By.xpath: //*[@id=&quot;form&quot;]/p/button/span
Found Element By : By.xpath: //*[@id=&quot;form&quot;]/p/button/span
Trying to click on: [[ChromeDriver: chrome on WINDOWS (584801e0c5b2a30e07790f8d11a1ce19)] -&gt; xpath: //*[@id=&quot;form&quot;]/p/button/span]
Clicked on: [[ChromeDriver: chrome on WINDOWS (584801e0c5b2a30e07790f8d11a1ce19)] -&gt; xpath: //*[@id=&quot;form&quot;]/p/button/span]
Trying to find Element By : By.xpath: //*[@id=&quot;HOOK_PAYMENT&quot;]/div[2]/div/p/a
Found Element By : By.xpath: //*[@id=&quot;HOOK_PAYMENT&quot;]/div[2]/div/p/a
Trying to click on: [[ChromeDriver: chrome on WINDOWS (584801e0c5b2a30e07790f8d11a1ce19)] -&gt; xpath: //*[@id=&quot;HOOK_PAYMENT&quot;]/div[2]/div/p/a]
Clicked on: [[ChromeDriver: chrome on WINDOWS (584801e0c5b2a30e07790f8d11a1ce19)] -&gt; xpath: //*[@id=&quot;HOOK_PAYMENT&quot;]/div[2]/div/p/a]
Trying to find Element By : By.xpath: //*[@id=&quot;cart_navigation&quot;]/button/span
Found Element By : By.xpath: //*[@id=&quot;cart_navigation&quot;]/button/span
Trying to click on: [[ChromeDriver: chrome on WINDOWS (584801e0c5b2a30e07790f8d11a1ce19)] -&gt; xpath: //*[@id=&quot;cart_navigation&quot;]/button/span]
Clicked on: [[ChromeDriver: chrome on WINDOWS (584801e0c5b2a30e07790f8d11a1ce19)] -&gt; xpath: //*[@id=&quot;cart_navigation&quot;]/button/span]
Trying to find Element By : By.xpath: //*[@id=&quot;center_column&quot;]/p[2]/a
Found Element By : By.xpath: //*[@id=&quot;center_column&quot;]/p[2]/a
Trying to click on: [[ChromeDriver: chrome on WINDOWS (584801e0c5b2a30e07790f8d11a1ce19)] -&gt; xpath: //*[@id=&quot;center_column&quot;]/p[2]/a]
Clicked on: [[ChromeDriver: chrome on WINDOWS (584801e0c5b2a30e07790f8d11a1ce19)] -&gt; xpath: //*[@id=&quot;center_column&quot;]/p[2]/a]
Trying to find Element By : By.xpath: //*[@id=&quot;order-list&quot;]/tbody/tr[1]/td[6]/a
Found Element By : By.xpath: //*[@id=&quot;order-list&quot;]/tbody/tr[1]/td[6]/a
Trying to click on: [[ChromeDriver: chrome on WINDOWS (584801e0c5b2a30e07790f8d11a1ce19)] -&gt; xpath: //*[@id=&quot;order-list&quot;]/tbody/tr[1]/td[6]/a]
Exception occured: org.openqa.selenium.ElementNotInteractableException: element not interactable
  (Session info: chrome=95.0.4638.69)
Build info: version: &apos;3.141.59&apos;, revision: &apos;e82be7d358&apos;, time: &apos;2018-11-14T08:17:03&apos;
System info: host: &apos;DESKTOP-BD6HH3L&apos;, ip: &apos;192.168.1.6&apos;, os.name: &apos;Windows 10&apos;, os.arch: &apos;amd64&apos;, os.version: &apos;10.0&apos;, java.version: &apos;11.0.11&apos;
Driver info: org.openqa.selenium.chrome.ChromeDriver
Capabilities {acceptInsecureCerts: false, browserName: chrome, browserVersion: 95.0.4638.69, chrome: {chromedriverVersion: 95.0.4638.17 (a9d0719444d4b..., userDataDir: C:\WINDOWS\TEMP\scoped_dir1...}, goog:chromeOptions: {debuggerAddress: localhost:18498}, javascriptEnabled: true, networkConnectionEnabled: false, pageLoadStrategy: normal, platform: WINDOWS, platformName: WINDOWS, proxy: Proxy(), setWindowRect: true, strictFileInteractability: false, timeouts: {implicit: 0, pageLoad: 300000, script: 30000}, unhandledPromptBehavior: dismiss and notify, webauthn:extension:credBlob: true, webauthn:extension:largeBlob: true, webauthn:virtualAuthenticators: true}
Session ID: 584801e0c5b2a30e07790f8d11a1ce19
</system-out>
    <system-err>Starting ChromeDriver 95.0.4638.17 (a9d0719444d4b035e284ed1fce73bf6ccd789df2-refs/branch-heads/4638@{#178}) on port 13224
Only local connections are allowed.
Please see https://chromedriver.chromium.org/security-considerations for suggestions on keeping ChromeDriver safe.
ChromeDriver was started successfully.
Nov 10, 2021 2:41:50 PM org.openqa.selenium.remote.ProtocolHandshake createSession
INFO: Detected dialect: W3C
</system-err>
  </testcase>
  <testcase classname="com.mystore.qa.testcases.OrderSummaryPageTest" name="OrderSummaryPageTitleTest" time="0.016"/>
  <testcase classname="com.mystore.qa.testcases.OrderSummaryPageTest" name="OrderSummaryPageValidateTest" time="0.039"/>
  <testcase classname="com.mystore.qa.testcases.OrderSummaryPageTest" name="CheckOrderSummaryPageValidateTest" time="0.034"/>
  <testcase classname="com.mystore.qa.testcases.OrderSummaryPageTest" name="OrderProceedToCheckoutTest" time="2.757"/>
  <testcase classname="com.mystore.qa.testcases.PaymentPageTest" name="PaymentPageTitleTest" time="0.006"/>
  <testcase classname="com.mystore.qa.testcases.PaymentPageTest" name="PaymentPageValidateTest" time="0.055"/>
  <testcase classname="com.mystore.qa.testcases.PaymentPageTest" name="ProceedToCheckoutTest" time="1.733"/>
  <testcase classname="com.mystore.qa.testcases.PrintedDressPageTest" name="PrinteDressPageTitleTest" time="0.004"/>
  <testcase classname="com.mystore.qa.testcases.PrintedDressPageTest" name="PrintedDressPageValidateTest" time="0.039"/>
  <testcase classname="com.mystore.qa.testcases.PrintedDressPageTest" name="AddItemAndProceedToCheckoutTest" time="3.308"/>
  <testcase classname="com.mystore.qa.testcases.ShippingPageTest" name="ShippingPageTitleTest" time="0.006"/>
  <testcase classname="com.mystore.qa.testcases.ShippingPageTest" name="ShippingPageValidateTest" time="0.034"/>
  <testcase classname="com.mystore.qa.testcases.ShippingPageTest" name="ProceedToCheckoutTest" time="1.653"/>
  <testcase classname="com.mystore.qa.testcases.ShoppingCartSummaryPageTest" name="PrinteDressPageTitleTest" time="0.003"/>
  <testcase classname="com.mystore.qa.testcases.ShoppingCartSummaryPageTest" name="PrintedDressPageValidateTest" time="0.043"/>
  <testcase classname="com.mystore.qa.testcases.ShoppingCartSummaryPageTest" name="TwoProductsTest" time="0.054"/>
  <testcase classname="com.mystore.qa.testcases.ShoppingCartSummaryPageTest" name="ExactTwoProductsTest" time="0.063"/>
  <testcase classname="com.mystore.qa.testcases.ShoppingCartSummaryPageTest" name="ProceedToCheckoutTest" time="2.265"/>
  <testcase classname="com.mystore.qa.testcases.WomenDressPageTest" name="WomenDressPageTitleTest" time="0.002"/>
  <testcase classname="com.mystore.qa.testcases.WomenDressPageTest" name="WomenDressPageValidateTest" time="0.052"/>
  <testcase classname="com.mystore.qa.testcases.WomenDressPageTest" name="addOneItemAndViewOneItemTest" time="4.053"/>
</testsuite>