<?xml version="1.0" encoding="UTF-8"?>
<testng-results ignored="0" total="39" passed="38" failed="1" skipped="0">
  <reporter-output>
  </reporter-output>
  <suite started-at="2021-11-10T14:35:14 IST" name="Command line suite" finished-at="2021-11-10T14:51:28 IST" duration-ms="973503">
    <groups>
    </groups>
    <test started-at="2021-11-10T14:35:14 IST" name="Command line test" finished-at="2021-11-10T14:51:28 IST" duration-ms="973503">
      <class name="com.mystore.qa.testcases.PrintedDressPageTest">
        <test-method is-config="true" signature="setup()[pri:0, instance:com.mystore.qa.testcases.PrintedDressPageTest@48974e45]" started-at="2021-11-10T14:46:16 IST" name="setup" finished-at="2021-11-10T14:46:36 IST" duration-ms="19977" status="PASS">
          <reporter-output>
          </reporter-output>
        </test-method> <!-- setup -->
        <test-method signature="PrinteDressPageTitleTest()[pri:1, instance:com.mystore.qa.testcases.PrintedDressPageTest@48974e45]" started-at="2021-11-10T14:46:36 IST" name="PrinteDressPageTitleTest" finished-at="2021-11-10T14:46:36 IST" duration-ms="4" status="PASS">
          <reporter-output>
          </reporter-output>
        </test-method> <!-- PrinteDressPageTitleTest -->
        <test-method is-config="true" signature="tearDown()[pri:0, instance:com.mystore.qa.testcases.PrintedDressPageTest@48974e45]" started-at="2021-11-10T14:46:36 IST" name="tearDown" finished-at="2021-11-10T14:46:37 IST" duration-ms="616" status="PASS">
          <reporter-output>
          </reporter-output>
        </test-method> <!-- tearDown -->
        <test-method is-config="true" signature="setup()[pri:0, instance:com.mystore.qa.testcases.PrintedDressPageTest@48974e45]" started-at="2021-11-10T14:46:37 IST" name="setup" finished-at="2021-11-10T14:46:57 IST" duration-ms="20722" status="PASS">
          <reporter-output>
          </reporter-output>
        </test-method> <!-- setup -->
        <test-method signature="PrintedDressPageValidateTest()[pri:2, instance:com.mystore.qa.testcases.PrintedDressPageTest@48974e45]" started-at="2021-11-10T14:46:57 IST" name="PrintedDressPageValidateTest" finished-at="2021-11-10T14:46:57 IST" duration-ms="39" status="PASS">
          <reporter-output>
          </reporter-output>
        </test-method> <!-- PrintedDressPageValidateTest -->
        <test-method is-config="true" signature="tearDown()[pri:0, instance:com.mystore.qa.testcases.PrintedDressPageTest@48974e45]" started-at="2021-11-10T14:46:57 IST" name="tearDown" finished-at="2021-11-10T14:46:58 IST" duration-ms="581" status="PASS">
          <reporter-output>
          </reporter-output>
        </test-method> <!-- tearDown -->
        <test-method is-config="true" signature="setup()[pri:0, instance:com.mystore.qa.testcases.PrintedDressPageTest@48974e45]" started-at="2021-11-10T14:46:58 IST" name="setup" finished-at="2021-11-10T14:47:16 IST" duration-ms="18043" status="PASS">
          <reporter-output>
          </reporter-output>
        </test-method> <!-- setup -->
        <test-method signature="AddItemAndProceedToCheckoutTest()[pri:3, instance:com.mystore.qa.testcases.PrintedDressPageTest@48974e45]" started-at="2021-11-10T14:47:16 IST" name="AddItemAndProceedToCheckoutTest" finished-at="2021-11-10T14:47:19 IST" duration-ms="3308" status="PASS">
          <reporter-output>
          </reporter-output>
        </test-method> <!-- AddItemAndProceedToCheckoutTest -->
        <test-method is-config="true" signature="tearDown()[pri:0, instance:com.mystore.qa.testcases.PrintedDressPageTest@48974e45]" started-at="2021-11-10T14:47:19 IST" name="tearDown" finished-at="2021-11-10T14:47:20 IST" duration-ms="624" status="PASS">
          <reporter-output>
          </reporter-output>
        </test-method> <!-- tearDown -->
      </class> <!-- com.mystore.qa.testcases.PrintedDressPageTest -->
      <class name="com.mystore.qa.testcases.PaymentPageTest">
        <test-method is-config="true" signature="setup()[pri:0, instance:com.mystore.qa.testcases.PaymentPageTest@247d8ae]" started-at="2021-11-10T14:44:44 IST" name="setup" finished-at="2021-11-10T14:45:13 IST" duration-ms="29363" status="PASS">
          <reporter-output>
          </reporter-output>
        </test-method> <!-- setup -->
        <test-method signature="PaymentPageTitleTest()[pri:1, instance:com.mystore.qa.testcases.PaymentPageTest@247d8ae]" started-at="2021-11-10T14:45:13 IST" name="PaymentPageTitleTest" finished-at="2021-11-10T14:45:13 IST" duration-ms="6" status="PASS">
          <reporter-output>
          </reporter-output>
        </test-method> <!-- PaymentPageTitleTest -->
        <test-method is-config="true" signature="tearDown()[pri:0, instance:com.mystore.qa.testcases.PaymentPageTest@247d8ae]" started-at="2021-11-10T14:45:13 IST" name="tearDown" finished-at="2021-11-10T14:45:14 IST" duration-ms="620" status="PASS">
          <reporter-output>
          </reporter-output>
        </test-method> <!-- tearDown -->
        <test-method is-config="true" signature="setup()[pri:0, instance:com.mystore.qa.testcases.PaymentPageTest@247d8ae]" started-at="2021-11-10T14:45:14 IST" name="setup" finished-at="2021-11-10T14:45:43 IST" duration-ms="29433" status="PASS">
          <reporter-output>
          </reporter-output>
        </test-method> <!-- setup -->
        <test-method signature="PaymentPageValidateTest()[pri:2, instance:com.mystore.qa.testcases.PaymentPageTest@247d8ae]" started-at="2021-11-10T14:45:43 IST" name="PaymentPageValidateTest" finished-at="2021-11-10T14:45:43 IST" duration-ms="55" status="PASS">
          <reporter-output>
          </reporter-output>
        </test-method> <!-- PaymentPageValidateTest -->
        <test-method is-config="true" signature="tearDown()[pri:0, instance:com.mystore.qa.testcases.PaymentPageTest@247d8ae]" started-at="2021-11-10T14:45:43 IST" name="tearDown" finished-at="2021-11-10T14:45:44 IST" duration-ms="610" status="PASS">
          <reporter-output>
          </reporter-output>
        </test-method> <!-- tearDown -->
        <test-method is-config="true" signature="setup()[pri:0, instance:com.mystore.qa.testcases.PaymentPageTest@247d8ae]" started-at="2021-11-10T14:45:44 IST" name="setup" finished-at="2021-11-10T14:46:14 IST" duration-ms="29917" status="PASS">
          <reporter-output>
          </reporter-output>
        </test-method> <!-- setup -->
        <test-method signature="ProceedToCheckoutTest()[pri:3, instance:com.mystore.qa.testcases.PaymentPageTest@247d8ae]" started-at="2021-11-10T14:46:14 IST" name="ProceedToCheckoutTest" finished-at="2021-11-10T14:46:15 IST" duration-ms="1734" status="PASS">
          <reporter-output>
          </reporter-output>
        </test-method> <!-- ProceedToCheckoutTest -->
        <test-method is-config="true" signature="tearDown()[pri:0, instance:com.mystore.qa.testcases.PaymentPageTest@247d8ae]" started-at="2021-11-10T14:46:15 IST" name="tearDown" finished-at="2021-11-10T14:46:16 IST" duration-ms="619" status="PASS">
          <reporter-output>
          </reporter-output>
        </test-method> <!-- tearDown -->
      </class> <!-- com.mystore.qa.testcases.PaymentPageTest -->
      <class name="com.mystore.qa.testcases.AddressPageTest">
        <test-method is-config="true" signature="setup()[pri:0, instance:com.mystore.qa.testcases.AddressPageTest@78691363]" started-at="2021-11-10T14:35:14 IST" name="setup" finished-at="2021-11-10T14:35:46 IST" duration-ms="31696" status="PASS">
          <reporter-output>
          </reporter-output>
        </test-method> <!-- setup -->
        <test-method signature="AddressPageTitleTest()[pri:1, instance:com.mystore.qa.testcases.AddressPageTest@78691363]" started-at="2021-11-10T14:35:46 IST" name="AddressPageTitleTest" finished-at="2021-11-10T14:35:46 IST" duration-ms="9" status="PASS">
          <reporter-output>
          </reporter-output>
        </test-method> <!-- AddressPageTitleTest -->
        <test-method is-config="true" signature="tearDown()[pri:0, instance:com.mystore.qa.testcases.AddressPageTest@78691363]" started-at="2021-11-10T14:35:46 IST" name="tearDown" finished-at="2021-11-10T14:35:47 IST" duration-ms="616" status="PASS">
          <reporter-output>
          </reporter-output>
        </test-method> <!-- tearDown -->
        <test-method is-config="true" signature="setup()[pri:0, instance:com.mystore.qa.testcases.AddressPageTest@78691363]" started-at="2021-11-10T14:35:47 IST" name="setup" finished-at="2021-11-10T14:36:14 IST" duration-ms="27006" status="PASS">
          <reporter-output>
          </reporter-output>
        </test-method> <!-- setup -->
        <test-method signature="AddressPageValidateTest()[pri:2, instance:com.mystore.qa.testcases.AddressPageTest@78691363]" started-at="2021-11-10T14:36:14 IST" name="AddressPageValidateTest" finished-at="2021-11-10T14:36:14 IST" duration-ms="51" status="PASS">
          <reporter-output>
          </reporter-output>
        </test-method> <!-- AddressPageValidateTest -->
        <test-method is-config="true" signature="tearDown()[pri:0, instance:com.mystore.qa.testcases.AddressPageTest@78691363]" started-at="2021-11-10T14:36:14 IST" name="tearDown" finished-at="2021-11-10T14:36:14 IST" duration-ms="626" status="PASS">
          <reporter-output>
          </reporter-output>
        </test-method> <!-- tearDown -->
        <test-method is-config="true" signature="setup()[pri:0, instance:com.mystore.qa.testcases.AddressPageTest@78691363]" started-at="2021-11-10T14:36:14 IST" name="setup" finished-at="2021-11-10T14:36:37 IST" duration-ms="22856" status="PASS">
          <reporter-output>
          </reporter-output>
        </test-method> <!-- setup -->
        <test-method signature="ProceedToCheckoutTest()[pri:3, instance:com.mystore.qa.testcases.AddressPageTest@78691363]" started-at="2021-11-10T14:36:37 IST" name="ProceedToCheckoutTest" finished-at="2021-11-10T14:36:39 IST" duration-ms="1562" status="PASS">
          <reporter-output>
          </reporter-output>
        </test-method> <!-- ProceedToCheckoutTest -->
        <test-method is-config="true" signature="tearDown()[pri:0, instance:com.mystore.qa.testcases.AddressPageTest@78691363]" started-at="2021-11-10T14:36:39 IST" name="tearDown" finished-at="2021-11-10T14:36:39 IST" duration-ms="609" status="PASS">
          <reporter-output>
          </reporter-output>
        </test-method> <!-- tearDown -->
      </class> <!-- com.mystore.qa.testcases.AddressPageTest -->
      <class name="com.mystore.qa.testcases.OrderSummaryPageTest">
        <test-method is-config="true" signature="setup()[pri:0, instance:com.mystore.qa.testcases.OrderSummaryPageTest@5f9b2141]" started-at="2021-11-10T14:42:33 IST" name="setup" finished-at="2021-11-10T14:43:03 IST" duration-ms="30232" status="PASS">
          <reporter-output>
          </reporter-output>
        </test-method> <!-- setup -->
        <test-method signature="OrderSummaryPageTitleTest()[pri:1, instance:com.mystore.qa.testcases.OrderSummaryPageTest@5f9b2141]" started-at="2021-11-10T14:43:03 IST" name="OrderSummaryPageTitleTest" finished-at="2021-11-10T14:43:03 IST" duration-ms="15" status="PASS">
          <reporter-output>
          </reporter-output>
        </test-method> <!-- OrderSummaryPageTitleTest -->
        <test-method is-config="true" signature="tearDown()[pri:0, instance:com.mystore.qa.testcases.OrderSummaryPageTest@5f9b2141]" started-at="2021-11-10T14:43:03 IST" name="tearDown" finished-at="2021-11-10T14:43:04 IST" duration-ms="609" status="PASS">
          <reporter-output>
          </reporter-output>
        </test-method> <!-- tearDown -->
        <test-method is-config="true" signature="setup()[pri:0, instance:com.mystore.qa.testcases.OrderSummaryPageTest@5f9b2141]" started-at="2021-11-10T14:43:04 IST" name="setup" finished-at="2021-11-10T14:43:32 IST" duration-ms="27822" status="PASS">
          <reporter-output>
          </reporter-output>
        </test-method> <!-- setup -->
        <test-method signature="OrderSummaryPageValidateTest()[pri:2, instance:com.mystore.qa.testcases.OrderSummaryPageTest@5f9b2141]" started-at="2021-11-10T14:43:32 IST" name="OrderSummaryPageValidateTest" finished-at="2021-11-10T14:43:32 IST" duration-ms="38" status="PASS">
          <reporter-output>
          </reporter-output>
        </test-method> <!-- OrderSummaryPageValidateTest -->
        <test-method is-config="true" signature="tearDown()[pri:0, instance:com.mystore.qa.testcases.OrderSummaryPageTest@5f9b2141]" started-at="2021-11-10T14:43:32 IST" name="tearDown" finished-at="2021-11-10T14:43:32 IST" duration-ms="619" status="PASS">
          <reporter-output>
          </reporter-output>
        </test-method> <!-- tearDown -->
        <test-method is-config="true" signature="setup()[pri:0, instance:com.mystore.qa.testcases.OrderSummaryPageTest@5f9b2141]" started-at="2021-11-10T14:43:32 IST" name="setup" finished-at="2021-11-10T14:44:03 IST" duration-ms="31242" status="PASS">
          <reporter-output>
          </reporter-output>
        </test-method> <!-- setup -->
        <test-method signature="CheckOrderSummaryPageValidateTest()[pri:3, instance:com.mystore.qa.testcases.OrderSummaryPageTest@5f9b2141]" started-at="2021-11-10T14:44:03 IST" name="CheckOrderSummaryPageValidateTest" finished-at="2021-11-10T14:44:04 IST" duration-ms="34" status="PASS">
          <reporter-output>
          </reporter-output>
        </test-method> <!-- CheckOrderSummaryPageValidateTest -->
        <test-method is-config="true" signature="tearDown()[pri:0, instance:com.mystore.qa.testcases.OrderSummaryPageTest@5f9b2141]" started-at="2021-11-10T14:44:04 IST" name="tearDown" finished-at="2021-11-10T14:44:04 IST" duration-ms="672" status="PASS">
          <reporter-output>
          </reporter-output>
        </test-method> <!-- tearDown -->
        <test-method is-config="true" signature="setup()[pri:0, instance:com.mystore.qa.testcases.OrderSummaryPageTest@5f9b2141]" started-at="2021-11-10T14:44:04 IST" name="setup" finished-at="2021-11-10T14:44:40 IST" duration-ms="36069" status="PASS">
          <reporter-output>
          </reporter-output>
        </test-method> <!-- setup -->
        <test-method signature="OrderProceedToCheckoutTest()[pri:4, instance:com.mystore.qa.testcases.OrderSummaryPageTest@5f9b2141]" started-at="2021-11-10T14:44:40 IST" name="OrderProceedToCheckoutTest" finished-at="2021-11-10T14:44:43 IST" duration-ms="2757" status="PASS">
          <reporter-output>
          </reporter-output>
        </test-method> <!-- OrderProceedToCheckoutTest -->
        <test-method is-config="true" signature="tearDown()[pri:0, instance:com.mystore.qa.testcases.OrderSummaryPageTest@5f9b2141]" started-at="2021-11-10T14:44:43 IST" name="tearDown" finished-at="2021-11-10T14:44:44 IST" duration-ms="599" status="PASS">
          <reporter-output>
          </reporter-output>
        </test-method> <!-- tearDown -->
      </class> <!-- com.mystore.qa.testcases.OrderSummaryPageTest -->
      <class name="com.mystore.qa.testcases.OrderHistoryPageTest">
        <test-method is-config="true" signature="setup()[pri:0, instance:com.mystore.qa.testcases.OrderHistoryPageTest@550ee7e5]" started-at="2021-11-10T14:39:53 IST" name="setup" finished-at="2021-11-10T14:40:28 IST" duration-ms="35093" status="PASS">
          <reporter-output>
          </reporter-output>
        </test-method> <!-- setup -->
        <test-method signature="OrderHistoryPageTitleTest()[pri:1, instance:com.mystore.qa.testcases.OrderHistoryPageTest@550ee7e5]" started-at="2021-11-10T14:40:28 IST" name="OrderHistoryPageTitleTest" finished-at="2021-11-10T14:40:28 IST" duration-ms="5" status="PASS">
          <reporter-output>
          </reporter-output>
        </test-method> <!-- OrderHistoryPageTitleTest -->
        <test-method is-config="true" signature="tearDown()[pri:0, instance:com.mystore.qa.testcases.OrderHistoryPageTest@550ee7e5]" started-at="2021-11-10T14:40:28 IST" name="tearDown" finished-at="2021-11-10T14:40:29 IST" duration-ms="623" status="PASS">
          <reporter-output>
          </reporter-output>
        </test-method> <!-- tearDown -->
        <test-method is-config="true" signature="setup()[pri:0, instance:com.mystore.qa.testcases.OrderHistoryPageTest@550ee7e5]" started-at="2021-11-10T14:40:29 IST" name="setup" finished-at="2021-11-10T14:41:11 IST" duration-ms="42439" status="PASS">
          <reporter-output>
          </reporter-output>
        </test-method> <!-- setup -->
        <test-method signature="OrderHistoryPageValidateTest()[pri:2, instance:com.mystore.qa.testcases.OrderHistoryPageTest@550ee7e5]" started-at="2021-11-10T14:41:11 IST" name="OrderHistoryPageValidateTest" finished-at="2021-11-10T14:41:11 IST" duration-ms="31" status="PASS">
          <reporter-output>
          </reporter-output>
        </test-method> <!-- OrderHistoryPageValidateTest -->
        <test-method is-config="true" signature="tearDown()[pri:0, instance:com.mystore.qa.testcases.OrderHistoryPageTest@550ee7e5]" started-at="2021-11-10T14:41:11 IST" name="tearDown" finished-at="2021-11-10T14:41:12 IST" duration-ms="599" status="PASS">
          <reporter-output>
          </reporter-output>
        </test-method> <!-- tearDown -->
        <test-method is-config="true" signature="setup()[pri:0, instance:com.mystore.qa.testcases.OrderHistoryPageTest@550ee7e5]" started-at="2021-11-10T14:41:12 IST" name="setup" finished-at="2021-11-10T14:41:48 IST" duration-ms="35829" status="PASS">
          <reporter-output>
          </reporter-output>
        </test-method> <!-- setup -->
        <test-method signature="CheckTheDateOfOrderTest()[pri:3, instance:com.mystore.qa.testcases.OrderHistoryPageTest@550ee7e5]" started-at="2021-11-10T14:41:48 IST" name="CheckTheDateOfOrderTest" finished-at="2021-11-10T14:41:48 IST" duration-ms="26" status="PASS">
          <reporter-output>
          </reporter-output>
        </test-method> <!-- CheckTheDateOfOrderTest -->
        <test-method is-config="true" signature="tearDown()[pri:0, instance:com.mystore.qa.testcases.OrderHistoryPageTest@550ee7e5]" started-at="2021-11-10T14:41:48 IST" name="tearDown" finished-at="2021-11-10T14:41:48 IST" duration-ms="614" status="PASS">
          <reporter-output>
          </reporter-output>
        </test-method> <!-- tearDown -->
        <test-method is-config="true" signature="setup()[pri:0, instance:com.mystore.qa.testcases.OrderHistoryPageTest@550ee7e5]" started-at="2021-11-10T14:41:48 IST" name="setup" finished-at="2021-11-10T14:42:22 IST" duration-ms="33641" status="PASS">
          <reporter-output>
          </reporter-output>
        </test-method> <!-- setup -->
        <test-method signature="DownLoadInvoiceTest()[pri:4, instance:com.mystore.qa.testcases.OrderHistoryPageTest@550ee7e5]" started-at="2021-11-10T14:42:22 IST" name="DownLoadInvoiceTest" finished-at="2021-11-10T14:42:32 IST" duration-ms="10199" status="FAIL">
          <exception class="org.openqa.selenium.ElementNotInteractableException">
            <message>
              <![CDATA[element not interactable
  (Session info: chrome=95.0.4638.69)
Build info: version: '3.141.59', revision: 'e82be7d358', time: '2018-11-14T08:17:03'
System info: host: 'DESKTOP-BD6HH3L', ip: '192.168.1.6', os.name: 'Windows 10', os.arch: 'amd64', os.version: '10.0', java.version: '11.0.11'
Driver info: org.openqa.selenium.chrome.ChromeDriver
Capabilities {acceptInsecureCerts: false, browserName: chrome, browserVersion: 95.0.4638.69, chrome: {chromedriverVersion: 95.0.4638.17 (a9d0719444d4b..., userDataDir: C:\WINDOWS\TEMP\scoped_dir1...}, goog:chromeOptions: {debuggerAddress: localhost:18498}, javascriptEnabled: true, networkConnectionEnabled: false, pageLoadStrategy: normal, platform: WINDOWS, platformName: WINDOWS, proxy: Proxy(), setWindowRect: true, strictFileInteractability: false, timeouts: {implicit: 0, pageLoad: 300000, script: 30000}, unhandledPromptBehavior: dismiss and notify, webauthn:extension:credBlob: true, webauthn:extension:largeBlob: true, webauthn:virtualAuthenticators: true}
Session ID: 584801e0c5b2a30e07790f8d11a1ce19]]>
            </message>
            <full-stacktrace>
              <![CDATA[org.openqa.selenium.ElementNotInteractableException: element not interactable
  (Session info: chrome=95.0.4638.69)
Build info: version: '3.141.59', revision: 'e82be7d358', time: '2018-11-14T08:17:03'
System info: host: 'DESKTOP-BD6HH3L', ip: '192.168.1.6', os.name: 'Windows 10', os.arch: 'amd64', os.version: '10.0', java.version: '11.0.11'
Driver info: org.openqa.selenium.chrome.ChromeDriver
Capabilities {acceptInsecureCerts: false, browserName: chrome, browserVersion: 95.0.4638.69, chrome: {chromedriverVersion: 95.0.4638.17 (a9d0719444d4b..., userDataDir: C:\WINDOWS\TEMP\scoped_dir1...}, goog:chromeOptions: {debuggerAddress: localhost:18498}, javascriptEnabled: true, networkConnectionEnabled: false, pageLoadStrategy: normal, platform: WINDOWS, platformName: WINDOWS, proxy: Proxy(), setWindowRect: true, strictFileInteractability: false, timeouts: {implicit: 0, pageLoad: 300000, script: 30000}, unhandledPromptBehavior: dismiss and notify, webauthn:extension:credBlob: true, webauthn:extension:largeBlob: true, webauthn:virtualAuthenticators: true}
Session ID: 584801e0c5b2a30e07790f8d11a1ce19
at java.base/jdk.internal.reflect.NativeConstructorAccessorImpl.newInstance0(Native Method)
at java.base/jdk.internal.reflect.NativeConstructorAccessorImpl.newInstance(NativeConstructorAccessorImpl.java:62)
at java.base/jdk.internal.reflect.DelegatingConstructorAccessorImpl.newInstance(DelegatingConstructorAccessorImpl.java:45)
at java.base/java.lang.reflect.Constructor.newInstance(Constructor.java:490)
at org.openqa.selenium.remote.http.W3CHttpResponseCodec.createException(W3CHttpResponseCodec.java:187)
at org.openqa.selenium.remote.http.W3CHttpResponseCodec.decode(W3CHttpResponseCodec.java:122)
at org.openqa.selenium.remote.http.W3CHttpResponseCodec.decode(W3CHttpResponseCodec.java:49)
at org.openqa.selenium.remote.HttpCommandExecutor.execute(HttpCommandExecutor.java:158)
at org.openqa.selenium.remote.service.DriverCommandExecutor.execute(DriverCommandExecutor.java:83)
at org.openqa.selenium.remote.RemoteWebDriver.execute(RemoteWebDriver.java:552)
at org.openqa.selenium.remote.RemoteWebElement.execute(RemoteWebElement.java:285)
at org.openqa.selenium.remote.RemoteWebElement.click(RemoteWebElement.java:84)
at jdk.internal.reflect.GeneratedMethodAccessor2.invoke(Unknown Source)
at java.base/jdk.internal.reflect.DelegatingMethodAccessorImpl.invoke(DelegatingMethodAccessorImpl.java:43)
at java.base/java.lang.reflect.Method.invoke(Method.java:566)
at org.openqa.selenium.support.events.EventFiringWebDriver$EventFiringWebElement.lambda$new$0(EventFiringWebDriver.java:404)
at com.sun.proxy.$Proxy14.click(Unknown Source)
at org.openqa.selenium.support.events.EventFiringWebDriver$EventFiringWebElement.click(EventFiringWebDriver.java:417)
at jdk.internal.reflect.GeneratedMethodAccessor2.invoke(Unknown Source)
at java.base/jdk.internal.reflect.DelegatingMethodAccessorImpl.invoke(DelegatingMethodAccessorImpl.java:43)
at java.base/java.lang.reflect.Method.invoke(Method.java:566)
at org.openqa.selenium.support.pagefactory.internal.LocatingElementHandler.invoke(LocatingElementHandler.java:51)
at com.sun.proxy.$Proxy13.click(Unknown Source)
at com.mystore.qa.pages.OrderHistoryPage.clickOnFirstOrder(OrderHistoryPage.java:47)
at com.mystore.qa.testcases.OrderHistoryPageTest.DownLoadInvoiceTest(OrderHistoryPageTest.java:84)
at java.base/jdk.internal.reflect.NativeMethodAccessorImpl.invoke0(Native Method)
at java.base/jdk.internal.reflect.NativeMethodAccessorImpl.invoke(NativeMethodAccessorImpl.java:62)
at java.base/jdk.internal.reflect.DelegatingMethodAccessorImpl.invoke(DelegatingMethodAccessorImpl.java:43)
at java.base/java.lang.reflect.Method.invoke(Method.java:566)
at org.testng.internal.MethodInvocationHelper.invokeMethod(MethodInvocationHelper.java:133)
at org.testng.internal.TestInvoker.invokeMethod(TestInvoker.java:598)
at org.testng.internal.TestInvoker.invokeTestMethod(TestInvoker.java:173)
at org.testng.internal.MethodRunner.runInSequence(MethodRunner.java:46)
at org.testng.internal.TestInvoker$MethodInvocationAgent.invoke(TestInvoker.java:824)
at org.testng.internal.TestInvoker.invokeTestMethods(TestInvoker.java:146)
at org.testng.internal.TestMethodWorker.invokeTestMethods(TestMethodWorker.java:146)
at org.testng.internal.TestMethodWorker.run(TestMethodWorker.java:128)
at java.base/java.util.ArrayList.forEach(ArrayList.java:1541)
at org.testng.TestRunner.privateRun(TestRunner.java:794)
at org.testng.TestRunner.run(TestRunner.java:596)
at org.testng.SuiteRunner.runTest(SuiteRunner.java:377)
at org.testng.SuiteRunner.runSequentially(SuiteRunner.java:371)
at org.testng.SuiteRunner.privateRun(SuiteRunner.java:332)
at org.testng.SuiteRunner.run(SuiteRunner.java:276)
at org.testng.SuiteRunnerWorker.runSuite(SuiteRunnerWorker.java:53)
at org.testng.SuiteRunnerWorker.run(SuiteRunnerWorker.java:96)
at org.testng.TestNG.runSuitesSequentially(TestNG.java:1212)
at org.testng.TestNG.runSuitesLocally(TestNG.java:1134)
at org.testng.TestNG.runSuites(TestNG.java:1063)
at org.testng.TestNG.run(TestNG.java:1031)
at org.apache.maven.surefire.testng.TestNGExecutor.run(TestNGExecutor.java:77)
at org.apache.maven.surefire.testng.TestNGDirectoryTestSuite.executeMulti(TestNGDirectoryTestSuite.java:159)
at org.apache.maven.surefire.testng.TestNGDirectoryTestSuite.execute(TestNGDirectoryTestSuite.java:99)
at org.apache.maven.surefire.testng.TestNGProvider.invoke(TestNGProvider.java:106)
at java.base/jdk.internal.reflect.NativeMethodAccessorImpl.invoke0(Native Method)
at java.base/jdk.internal.reflect.NativeMethodAccessorImpl.invoke(NativeMethodAccessorImpl.java:62)
at java.base/jdk.internal.reflect.DelegatingMethodAccessorImpl.invoke(DelegatingMethodAccessorImpl.java:43)
at java.base/java.lang.reflect.Method.invoke(Method.java:566)
at org.apache.maven.surefire.util.ReflectionUtils.invokeMethodWithArray(ReflectionUtils.java:189)
at org.apache.maven.surefire.booter.ProviderFactory$ProviderProxy.invoke(ProviderFactory.java:165)
at org.apache.maven.surefire.booter.ProviderFactory.invokeProvider(ProviderFactory.java:85)
at org.apache.maven.surefire.booter.ForkedBooter.runSuitesInProcess(ForkedBooter.java:115)
at org.apache.maven.surefire.booter.ForkedBooter.main(ForkedBooter.java:75)
]]>
            </full-stacktrace>
          </exception> <!-- org.openqa.selenium.ElementNotInteractableException -->
          <reporter-output>
          </reporter-output>
        </test-method> <!-- DownLoadInvoiceTest -->
        <test-method is-config="true" signature="tearDown()[pri:0, instance:com.mystore.qa.testcases.OrderHistoryPageTest@550ee7e5]" started-at="2021-11-10T14:42:32 IST" name="tearDown" finished-at="2021-11-10T14:42:33 IST" duration-ms="616" status="PASS">
          <reporter-output>
          </reporter-output>
        </test-method> <!-- tearDown -->
      </class> <!-- com.mystore.qa.testcases.OrderHistoryPageTest -->
      <class name="com.mystore.qa.testcases.LoginPageTest">
        <test-method is-config="true" signature="setup()[pri:0, instance:com.mystore.qa.testcases.LoginPageTest@15bbf42f]" started-at="2021-11-10T14:39:18 IST" name="setup" finished-at="2021-11-10T14:39:29 IST" duration-ms="10802" status="PASS">
          <reporter-output>
          </reporter-output>
        </test-method> <!-- setup -->
        <test-method signature="loginPageTitleTest()[pri:1, instance:com.mystore.qa.testcases.LoginPageTest@15bbf42f]" started-at="2021-11-10T14:39:29 IST" name="loginPageTitleTest" finished-at="2021-11-10T14:39:29 IST" duration-ms="9" status="PASS">
          <reporter-output>
          </reporter-output>
        </test-method> <!-- loginPageTitleTest -->
        <test-method is-config="true" signature="tearDown()[pri:0, instance:com.mystore.qa.testcases.LoginPageTest@15bbf42f]" started-at="2021-11-10T14:39:29 IST" name="tearDown" finished-at="2021-11-10T14:39:30 IST" duration-ms="575" status="PASS">
          <reporter-output>
          </reporter-output>
        </test-method> <!-- tearDown -->
        <test-method is-config="true" signature="setup()[pri:0, instance:com.mystore.qa.testcases.LoginPageTest@15bbf42f]" started-at="2021-11-10T14:39:30 IST" name="setup" finished-at="2021-11-10T14:39:40 IST" duration-ms="9748" status="PASS">
          <reporter-output>
          </reporter-output>
        </test-method> <!-- setup -->
        <test-method signature="loginPagelogoTest()[pri:2, instance:com.mystore.qa.testcases.LoginPageTest@15bbf42f]" started-at="2021-11-10T14:39:40 IST" name="loginPagelogoTest" finished-at="2021-11-10T14:39:40 IST" duration-ms="50" status="PASS">
          <reporter-output>
          </reporter-output>
        </test-method> <!-- loginPagelogoTest -->
        <test-method is-config="true" signature="tearDown()[pri:0, instance:com.mystore.qa.testcases.LoginPageTest@15bbf42f]" started-at="2021-11-10T14:39:40 IST" name="tearDown" finished-at="2021-11-10T14:39:40 IST" duration-ms="595" status="PASS">
          <reporter-output>
          </reporter-output>
        </test-method> <!-- tearDown -->
        <test-method is-config="true" signature="setup()[pri:0, instance:com.mystore.qa.testcases.LoginPageTest@15bbf42f]" started-at="2021-11-10T14:39:40 IST" name="setup" finished-at="2021-11-10T14:39:50 IST" duration-ms="10022" status="PASS">
          <reporter-output>
          </reporter-output>
        </test-method> <!-- setup -->
        <test-method signature="loginTest()[pri:3, instance:com.mystore.qa.testcases.LoginPageTest@15bbf42f]" started-at="2021-11-10T14:39:50 IST" name="loginTest" finished-at="2021-11-10T14:39:53 IST" duration-ms="2278" status="PASS">
          <reporter-output>
          </reporter-output>
        </test-method> <!-- loginTest -->
        <test-method is-config="true" signature="tearDown()[pri:0, instance:com.mystore.qa.testcases.LoginPageTest@15bbf42f]" started-at="2021-11-10T14:39:53 IST" name="tearDown" finished-at="2021-11-10T14:39:53 IST" duration-ms="591" status="PASS">
          <reporter-output>
          </reporter-output>
        </test-method> <!-- tearDown -->
      </class> <!-- com.mystore.qa.testcases.LoginPageTest -->
      <class name="com.mystore.qa.testcases.ConfirmationPageTest">
        <test-method is-config="true" signature="setup()[pri:0, instance:com.mystore.qa.testcases.ConfirmationPageTest@6989da5e]" started-at="2021-11-10T14:36:39 IST" name="setup" finished-at="2021-11-10T14:37:10 IST" duration-ms="31234" status="PASS">
          <reporter-output>
          </reporter-output>
        </test-method> <!-- setup -->
        <test-method signature="ConfirmationPageTitleTest()[pri:1, instance:com.mystore.qa.testcases.ConfirmationPageTest@6989da5e]" started-at="2021-11-10T14:37:10 IST" name="ConfirmationPageTitleTest" finished-at="2021-11-10T14:37:10 IST" duration-ms="4" status="PASS">
          <reporter-output>
          </reporter-output>
        </test-method> <!-- ConfirmationPageTitleTest -->
        <test-method is-config="true" signature="tearDown()[pri:0, instance:com.mystore.qa.testcases.ConfirmationPageTest@6989da5e]" started-at="2021-11-10T14:37:10 IST" name="tearDown" finished-at="2021-11-10T14:37:11 IST" duration-ms="609" status="PASS">
          <reporter-output>
          </reporter-output>
        </test-method> <!-- tearDown -->
        <test-method is-config="true" signature="setup()[pri:0, instance:com.mystore.qa.testcases.ConfirmationPageTest@6989da5e]" started-at="2021-11-10T14:37:11 IST" name="setup" finished-at="2021-11-10T14:37:43 IST" duration-ms="31566" status="PASS">
          <reporter-output>
          </reporter-output>
        </test-method> <!-- setup -->
        <test-method signature="ConfirmationPageValidateTest()[pri:2, instance:com.mystore.qa.testcases.ConfirmationPageTest@6989da5e]" started-at="2021-11-10T14:37:43 IST" name="ConfirmationPageValidateTest" finished-at="2021-11-10T14:37:43 IST" duration-ms="60" status="PASS">
          <reporter-output>
          </reporter-output>
        </test-method> <!-- ConfirmationPageValidateTest -->
        <test-method is-config="true" signature="tearDown()[pri:0, instance:com.mystore.qa.testcases.ConfirmationPageTest@6989da5e]" started-at="2021-11-10T14:37:43 IST" name="tearDown" finished-at="2021-11-10T14:37:43 IST" duration-ms="635" status="PASS">
          <reporter-output>
          </reporter-output>
        </test-method> <!-- tearDown -->
        <test-method is-config="true" signature="setup()[pri:0, instance:com.mystore.qa.testcases.ConfirmationPageTest@6989da5e]" started-at="2021-11-10T14:37:43 IST" name="setup" finished-at="2021-11-10T14:38:16 IST" duration-ms="32733" status="PASS">
          <reporter-output>
          </reporter-output>
        </test-method> <!-- setup -->
        <test-method signature="BackToOrderHistoryTest()[pri:3, instance:com.mystore.qa.testcases.ConfirmationPageTest@6989da5e]" started-at="2021-11-10T14:38:16 IST" name="BackToOrderHistoryTest" finished-at="2021-11-10T14:38:19 IST" duration-ms="2549" status="PASS">
          <reporter-output>
          </reporter-output>
        </test-method> <!-- BackToOrderHistoryTest -->
        <test-method is-config="true" signature="tearDown()[pri:0, instance:com.mystore.qa.testcases.ConfirmationPageTest@6989da5e]" started-at="2021-11-10T14:38:19 IST" name="tearDown" finished-at="2021-11-10T14:38:19 IST" duration-ms="621" status="PASS">
          <reporter-output>
          </reporter-output>
        </test-method> <!-- tearDown -->
      </class> <!-- com.mystore.qa.testcases.ConfirmationPageTest -->
      <class name="com.mystore.qa.testcases.WomenDressPageTest">
        <test-method is-config="true" signature="setup()[pri:0, instance:com.mystore.qa.testcases.WomenDressPageTest@50ad3bc1]" started-at="2021-11-10T14:50:40 IST" name="setup" finished-at="2021-11-10T14:50:54 IST" duration-ms="13833" status="PASS">
          <reporter-output>
          </reporter-output>
        </test-method> <!-- setup -->
        <test-method signature="WomenDressPageTitleTest()[pri:1, instance:com.mystore.qa.testcases.WomenDressPageTest@50ad3bc1]" started-at="2021-11-10T14:50:54 IST" name="WomenDressPageTitleTest" finished-at="2021-11-10T14:50:54 IST" duration-ms="2" status="PASS">
          <reporter-output>
          </reporter-output>
        </test-method> <!-- WomenDressPageTitleTest -->
        <test-method is-config="true" signature="tearDown()[pri:0, instance:com.mystore.qa.testcases.WomenDressPageTest@50ad3bc1]" started-at="2021-11-10T14:50:54 IST" name="tearDown" finished-at="2021-11-10T14:50:55 IST" duration-ms="597" status="PASS">
          <reporter-output>
          </reporter-output>
        </test-method> <!-- tearDown -->
        <test-method is-config="true" signature="setup()[pri:0, instance:com.mystore.qa.testcases.WomenDressPageTest@50ad3bc1]" started-at="2021-11-10T14:50:55 IST" name="setup" finished-at="2021-11-10T14:51:08 IST" duration-ms="13917" status="PASS">
          <reporter-output>
          </reporter-output>
        </test-method> <!-- setup -->
        <test-method signature="WomenDressPageValidateTest()[pri:2, instance:com.mystore.qa.testcases.WomenDressPageTest@50ad3bc1]" started-at="2021-11-10T14:51:08 IST" name="WomenDressPageValidateTest" finished-at="2021-11-10T14:51:09 IST" duration-ms="52" status="PASS">
          <reporter-output>
          </reporter-output>
        </test-method> <!-- WomenDressPageValidateTest -->
        <test-method is-config="true" signature="tearDown()[pri:0, instance:com.mystore.qa.testcases.WomenDressPageTest@50ad3bc1]" started-at="2021-11-10T14:51:09 IST" name="tearDown" finished-at="2021-11-10T14:51:09 IST" duration-ms="611" status="PASS">
          <reporter-output>
          </reporter-output>
        </test-method> <!-- tearDown -->
        <test-method is-config="true" signature="setup()[pri:0, instance:com.mystore.qa.testcases.WomenDressPageTest@50ad3bc1]" started-at="2021-11-10T14:51:09 IST" name="setup" finished-at="2021-11-10T14:51:23 IST" duration-ms="13615" status="PASS">
          <reporter-output>
          </reporter-output>
        </test-method> <!-- setup -->
        <test-method signature="addOneItemAndViewOneItemTest()[pri:3, instance:com.mystore.qa.testcases.WomenDressPageTest@50ad3bc1]" started-at="2021-11-10T14:51:23 IST" name="addOneItemAndViewOneItemTest" finished-at="2021-11-10T14:51:27 IST" duration-ms="4053" status="PASS">
          <reporter-output>
          </reporter-output>
        </test-method> <!-- addOneItemAndViewOneItemTest -->
        <test-method is-config="true" signature="tearDown()[pri:0, instance:com.mystore.qa.testcases.WomenDressPageTest@50ad3bc1]" started-at="2021-11-10T14:51:27 IST" name="tearDown" finished-at="2021-11-10T14:51:28 IST" duration-ms="887" status="PASS">
          <reporter-output>
          </reporter-output>
        </test-method> <!-- tearDown -->
      </class> <!-- com.mystore.qa.testcases.WomenDressPageTest -->
      <class name="com.mystore.qa.testcases.LandingPageTest">
        <test-method is-config="true" signature="setup()[pri:0, instance:com.mystore.qa.testcases.LandingPageTest@2dde1bff]" started-at="2021-11-10T14:39:01 IST" name="setup" finished-at="2021-11-10T14:39:08 IST" duration-ms="7267" status="PASS">
          <reporter-output>
          </reporter-output>
        </test-method> <!-- setup -->
        <test-method signature="loginPageTitleTest()[pri:1, instance:com.mystore.qa.testcases.LandingPageTest@2dde1bff]" started-at="2021-11-10T14:39:08 IST" name="loginPageTitleTest" finished-at="2021-11-10T14:39:08 IST" duration-ms="7" status="PASS">
          <reporter-output>
          </reporter-output>
        </test-method> <!-- loginPageTitleTest -->
        <test-method is-config="true" signature="tearDown()[pri:0, instance:com.mystore.qa.testcases.LandingPageTest@2dde1bff]" started-at="2021-11-10T14:39:08 IST" name="tearDown" finished-at="2021-11-10T14:39:09 IST" duration-ms="581" status="PASS">
          <reporter-output>
          </reporter-output>
        </test-method> <!-- tearDown -->
        <test-method is-config="true" signature="setup()[pri:0, instance:com.mystore.qa.testcases.LandingPageTest@2dde1bff]" started-at="2021-11-10T14:39:09 IST" name="setup" finished-at="2021-11-10T14:39:16 IST" duration-ms="7092" status="PASS">
          <reporter-output>
          </reporter-output>
        </test-method> <!-- setup -->
        <test-method signature="directToLoginPageTest()[pri:2, instance:com.mystore.qa.testcases.LandingPageTest@2dde1bff]" started-at="2021-11-10T14:39:16 IST" name="directToLoginPageTest" finished-at="2021-11-10T14:39:18 IST" duration-ms="1943" status="PASS">
          <reporter-output>
          </reporter-output>
        </test-method> <!-- directToLoginPageTest -->
        <test-method is-config="true" signature="tearDown()[pri:0, instance:com.mystore.qa.testcases.LandingPageTest@2dde1bff]" started-at="2021-11-10T14:39:18 IST" name="tearDown" finished-at="2021-11-10T14:39:18 IST" duration-ms="606" status="PASS">
          <reporter-output>
          </reporter-output>
        </test-method> <!-- tearDown -->
      </class> <!-- com.mystore.qa.testcases.LandingPageTest -->
      <class name="com.mystore.qa.testcases.ShippingPageTest">
        <test-method is-config="true" signature="setup()[pri:0, instance:com.mystore.qa.testcases.ShippingPageTest@6a84a97d]" started-at="2021-11-10T14:47:20 IST" name="setup" finished-at="2021-11-10T14:47:46 IST" duration-ms="26283" status="PASS">
          <reporter-output>
          </reporter-output>
        </test-method> <!-- setup -->
        <test-method signature="ShippingPageTitleTest()[pri:1, instance:com.mystore.qa.testcases.ShippingPageTest@6a84a97d]" started-at="2021-11-10T14:47:46 IST" name="ShippingPageTitleTest" finished-at="2021-11-10T14:47:46 IST" duration-ms="7" status="PASS">
          <reporter-output>
          </reporter-output>
        </test-method> <!-- ShippingPageTitleTest -->
        <test-method is-config="true" signature="tearDown()[pri:0, instance:com.mystore.qa.testcases.ShippingPageTest@6a84a97d]" started-at="2021-11-10T14:47:46 IST" name="tearDown" finished-at="2021-11-10T14:47:47 IST" duration-ms="619" status="PASS">
          <reporter-output>
          </reporter-output>
        </test-method> <!-- tearDown -->
        <test-method is-config="true" signature="setup()[pri:0, instance:com.mystore.qa.testcases.ShippingPageTest@6a84a97d]" started-at="2021-11-10T14:47:47 IST" name="setup" finished-at="2021-11-10T14:48:09 IST" duration-ms="22186" status="PASS">
          <reporter-output>
          </reporter-output>
        </test-method> <!-- setup -->
        <test-method signature="ShippingPageValidateTest()[pri:2, instance:com.mystore.qa.testcases.ShippingPageTest@6a84a97d]" started-at="2021-11-10T14:48:09 IST" name="ShippingPageValidateTest" finished-at="2021-11-10T14:48:09 IST" duration-ms="34" status="PASS">
          <reporter-output>
          </reporter-output>
        </test-method> <!-- ShippingPageValidateTest -->
        <test-method is-config="true" signature="tearDown()[pri:0, instance:com.mystore.qa.testcases.ShippingPageTest@6a84a97d]" started-at="2021-11-10T14:48:09 IST" name="tearDown" finished-at="2021-11-10T14:48:10 IST" duration-ms="622" status="PASS">
          <reporter-output>
          </reporter-output>
        </test-method> <!-- tearDown -->
        <test-method is-config="true" signature="setup()[pri:0, instance:com.mystore.qa.testcases.ShippingPageTest@6a84a97d]" started-at="2021-11-10T14:48:10 IST" name="setup" finished-at="2021-11-10T14:48:35 IST" duration-ms="25240" status="PASS">
          <reporter-output>
          </reporter-output>
        </test-method> <!-- setup -->
        <test-method signature="ProceedToCheckoutTest()[pri:3, instance:com.mystore.qa.testcases.ShippingPageTest@6a84a97d]" started-at="2021-11-10T14:48:35 IST" name="ProceedToCheckoutTest" finished-at="2021-11-10T14:48:37 IST" duration-ms="1653" status="PASS">
          <reporter-output>
          </reporter-output>
        </test-method> <!-- ProceedToCheckoutTest -->
        <test-method is-config="true" signature="tearDown()[pri:0, instance:com.mystore.qa.testcases.ShippingPageTest@6a84a97d]" started-at="2021-11-10T14:48:37 IST" name="tearDown" finished-at="2021-11-10T14:48:37 IST" duration-ms="602" status="PASS">
          <reporter-output>
          </reporter-output>
        </test-method> <!-- tearDown -->
      </class> <!-- com.mystore.qa.testcases.ShippingPageTest -->
      <class name="com.mystore.qa.testcases.HomePageTest">
        <test-method is-config="true" signature="setup()[pri:0, instance:com.mystore.qa.testcases.HomePageTest@682b2fa]" started-at="2021-11-10T14:38:19 IST" name="setup" finished-at="2021-11-10T14:38:32 IST" duration-ms="13184" status="PASS">
          <reporter-output>
          </reporter-output>
        </test-method> <!-- setup -->
        <test-method signature="HomePageTitleTest()[pri:1, instance:com.mystore.qa.testcases.HomePageTest@682b2fa]" started-at="2021-11-10T14:38:32 IST" name="HomePageTitleTest" finished-at="2021-11-10T14:38:32 IST" duration-ms="6" status="PASS">
          <reporter-output>
          </reporter-output>
        </test-method> <!-- HomePageTitleTest -->
        <test-method is-config="true" signature="tearDown()[pri:0, instance:com.mystore.qa.testcases.HomePageTest@682b2fa]" started-at="2021-11-10T14:38:32 IST" name="tearDown" finished-at="2021-11-10T14:38:33 IST" duration-ms="624" status="PASS">
          <reporter-output>
          </reporter-output>
        </test-method> <!-- tearDown -->
        <test-method is-config="true" signature="setup()[pri:0, instance:com.mystore.qa.testcases.HomePageTest@682b2fa]" started-at="2021-11-10T14:38:33 IST" name="setup" finished-at="2021-11-10T14:38:46 IST" duration-ms="12455" status="PASS">
          <reporter-output>
          </reporter-output>
        </test-method> <!-- setup -->
        <test-method signature="HomePageUserNameTest()[pri:2, instance:com.mystore.qa.testcases.HomePageTest@682b2fa]" started-at="2021-11-10T14:38:46 IST" name="HomePageUserNameTest" finished-at="2021-11-10T14:38:46 IST" duration-ms="33" status="PASS">
          <reporter-output>
          </reporter-output>
        </test-method> <!-- HomePageUserNameTest -->
        <test-method is-config="true" signature="tearDown()[pri:0, instance:com.mystore.qa.testcases.HomePageTest@682b2fa]" started-at="2021-11-10T14:38:46 IST" name="tearDown" finished-at="2021-11-10T14:38:46 IST" duration-ms="608" status="PASS">
          <reporter-output>
          </reporter-output>
        </test-method> <!-- tearDown -->
        <test-method is-config="true" signature="setup()[pri:0, instance:com.mystore.qa.testcases.HomePageTest@682b2fa]" started-at="2021-11-10T14:38:46 IST" name="setup" finished-at="2021-11-10T14:38:58 IST" duration-ms="11459" status="PASS">
          <reporter-output>
          </reporter-output>
        </test-method> <!-- setup -->
        <test-method signature="directToWomenDressPageTest()[pri:3, instance:com.mystore.qa.testcases.HomePageTest@682b2fa]" started-at="2021-11-10T14:38:58 IST" name="directToWomenDressPageTest" finished-at="2021-11-10T14:39:00 IST" duration-ms="2754" status="PASS">
          <reporter-output>
          </reporter-output>
        </test-method> <!-- directToWomenDressPageTest -->
        <test-method is-config="true" signature="tearDown()[pri:0, instance:com.mystore.qa.testcases.HomePageTest@682b2fa]" started-at="2021-11-10T14:39:00 IST" name="tearDown" finished-at="2021-11-10T14:39:01 IST" duration-ms="596" status="PASS">
          <reporter-output>
          </reporter-output>
        </test-method> <!-- tearDown -->
      </class> <!-- com.mystore.qa.testcases.HomePageTest -->
      <class name="com.mystore.qa.testcases.ShoppingCartSummaryPageTest">
        <test-method is-config="true" signature="setup()[pri:0, instance:com.mystore.qa.testcases.ShoppingCartSummaryPageTest@6c130c45]" started-at="2021-11-10T14:48:37 IST" name="setup" finished-at="2021-11-10T14:48:59 IST" duration-ms="21436" status="PASS">
          <reporter-output>
          </reporter-output>
        </test-method> <!-- setup -->
        <test-method signature="PrinteDressPageTitleTest()[pri:1, instance:com.mystore.qa.testcases.ShoppingCartSummaryPageTest@6c130c45]" started-at="2021-11-10T14:48:59 IST" name="PrinteDressPageTitleTest" finished-at="2021-11-10T14:48:59 IST" duration-ms="3" status="PASS">
          <reporter-output>
          </reporter-output>
        </test-method> <!-- PrinteDressPageTitleTest -->
        <test-method is-config="true" signature="tearDown()[pri:0, instance:com.mystore.qa.testcases.ShoppingCartSummaryPageTest@6c130c45]" started-at="2021-11-10T14:48:59 IST" name="tearDown" finished-at="2021-11-10T14:48:59 IST" duration-ms="612" status="PASS">
          <reporter-output>
          </reporter-output>
        </test-method> <!-- tearDown -->
        <test-method is-config="true" signature="setup()[pri:0, instance:com.mystore.qa.testcases.ShoppingCartSummaryPageTest@6c130c45]" started-at="2021-11-10T14:48:59 IST" name="setup" finished-at="2021-11-10T14:49:22 IST" duration-ms="22393" status="PASS">
          <reporter-output>
          </reporter-output>
        </test-method> <!-- setup -->
        <test-method signature="PrintedDressPageValidateTest()[pri:2, instance:com.mystore.qa.testcases.ShoppingCartSummaryPageTest@6c130c45]" started-at="2021-11-10T14:49:22 IST" name="PrintedDressPageValidateTest" finished-at="2021-11-10T14:49:22 IST" duration-ms="43" status="PASS">
          <reporter-output>
          </reporter-output>
        </test-method> <!-- PrintedDressPageValidateTest -->
        <test-method is-config="true" signature="tearDown()[pri:0, instance:com.mystore.qa.testcases.ShoppingCartSummaryPageTest@6c130c45]" started-at="2021-11-10T14:49:22 IST" name="tearDown" finished-at="2021-11-10T14:49:22 IST" duration-ms="579" status="PASS">
          <reporter-output>
          </reporter-output>
        </test-method> <!-- tearDown -->
        <test-method is-config="true" signature="setup()[pri:0, instance:com.mystore.qa.testcases.ShoppingCartSummaryPageTest@6c130c45]" started-at="2021-11-10T14:49:22 IST" name="setup" finished-at="2021-11-10T14:49:46 IST" duration-ms="23527" status="PASS">
          <reporter-output>
          </reporter-output>
        </test-method> <!-- setup -->
        <test-method signature="TwoProductsTest()[pri:3, instance:com.mystore.qa.testcases.ShoppingCartSummaryPageTest@6c130c45]" started-at="2021-11-10T14:49:46 IST" name="TwoProductsTest" finished-at="2021-11-10T14:49:46 IST" duration-ms="54" status="PASS">
          <reporter-output>
          </reporter-output>
        </test-method> <!-- TwoProductsTest -->
        <test-method is-config="true" signature="tearDown()[pri:0, instance:com.mystore.qa.testcases.ShoppingCartSummaryPageTest@6c130c45]" started-at="2021-11-10T14:49:46 IST" name="tearDown" finished-at="2021-11-10T14:49:46 IST" duration-ms="600" status="PASS">
          <reporter-output>
          </reporter-output>
        </test-method> <!-- tearDown -->
        <test-method is-config="true" signature="setup()[pri:0, instance:com.mystore.qa.testcases.ShoppingCartSummaryPageTest@6c130c45]" started-at="2021-11-10T14:49:46 IST" name="setup" finished-at="2021-11-10T14:50:15 IST" duration-ms="28285" status="PASS">
          <reporter-output>
          </reporter-output>
        </test-method> <!-- setup -->
        <test-method signature="ExactTwoProductsTest()[pri:4, instance:com.mystore.qa.testcases.ShoppingCartSummaryPageTest@6c130c45]" started-at="2021-11-10T14:50:15 IST" name="ExactTwoProductsTest" finished-at="2021-11-10T14:50:15 IST" duration-ms="63" status="PASS">
          <reporter-output>
          </reporter-output>
        </test-method> <!-- ExactTwoProductsTest -->
        <test-method is-config="true" signature="tearDown()[pri:0, instance:com.mystore.qa.testcases.ShoppingCartSummaryPageTest@6c130c45]" started-at="2021-11-10T14:50:15 IST" name="tearDown" finished-at="2021-11-10T14:50:15 IST" duration-ms="631" status="PASS">
          <reporter-output>
          </reporter-output>
        </test-method> <!-- tearDown -->
        <test-method is-config="true" signature="setup()[pri:0, instance:com.mystore.qa.testcases.ShoppingCartSummaryPageTest@6c130c45]" started-at="2021-11-10T14:50:15 IST" name="setup" finished-at="2021-11-10T14:50:37 IST" duration-ms="21894" status="PASS">
          <reporter-output>
          </reporter-output>
        </test-method> <!-- setup -->
        <test-method signature="ProceedToCheckoutTest()[pri:5, instance:com.mystore.qa.testcases.ShoppingCartSummaryPageTest@6c130c45]" started-at="2021-11-10T14:50:37 IST" name="ProceedToCheckoutTest" finished-at="2021-11-10T14:50:40 IST" duration-ms="2265" status="PASS">
          <reporter-output>
          </reporter-output>
        </test-method> <!-- ProceedToCheckoutTest -->
        <test-method is-config="true" signature="tearDown()[pri:0, instance:com.mystore.qa.testcases.ShoppingCartSummaryPageTest@6c130c45]" started-at="2021-11-10T14:50:40 IST" name="tearDown" finished-at="2021-11-10T14:50:40 IST" duration-ms="605" status="PASS">
          <reporter-output>
          </reporter-output>
        </test-method> <!-- tearDown -->
      </class> <!-- com.mystore.qa.testcases.ShoppingCartSummaryPageTest -->
    </test> <!-- Command line test -->
  </suite> <!-- Command line suite -->
</testng-results>
