<?xml version="1.0" encoding="UTF-8"?>
<testng-results ignored="0" total="39" passed="39" failed="0" skipped="0">
  <reporter-output>
  </reporter-output>
  <suite started-at="2021-11-10T14:14:05 IST" name="My Store Test Automation Test Suite" finished-at="2021-11-10T14:30:34 IST" duration-ms="989627">
    <groups>
    </groups>
    <test started-at="2021-11-10T14:14:05 IST" name="My Store Test Cases" finished-at="2021-11-10T14:30:34 IST" duration-ms="989627">
      <class name="com.mystore.qa.testcases.PaymentPageTest">
        <test-method is-config="true" signature="setup()[pri:0, instance:com.mystore.qa.testcases.PaymentPageTest@3ad83a66]" started-at="2021-11-10T14:22:24 IST" name="setup" finished-at="2021-11-10T14:22:52 IST" duration-ms="28769" status="PASS">
          <reporter-output>
          </reporter-output>
        </test-method> <!-- setup -->
        <test-method signature="PaymentPageTitleTest()[pri:1, instance:com.mystore.qa.testcases.PaymentPageTest@3ad83a66]" started-at="2021-11-10T14:22:52 IST" name="PaymentPageTitleTest" finished-at="2021-11-10T14:22:52 IST" duration-ms="8" status="PASS">
          <reporter-output>
          </reporter-output>
        </test-method> <!-- PaymentPageTitleTest -->
        <test-method is-config="true" signature="tearDown()[pri:0, instance:com.mystore.qa.testcases.PaymentPageTest@3ad83a66]" started-at="2021-11-10T14:22:52 IST" name="tearDown" finished-at="2021-11-10T14:22:53 IST" duration-ms="720" status="PASS">
          <reporter-output>
          </reporter-output>
        </test-method> <!-- tearDown -->
        <test-method is-config="true" signature="setup()[pri:0, instance:com.mystore.qa.testcases.PaymentPageTest@3ad83a66]" started-at="2021-11-10T14:22:53 IST" name="setup" finished-at="2021-11-10T14:23:22 IST" duration-ms="28732" status="PASS">
          <reporter-output>
          </reporter-output>
        </test-method> <!-- setup -->
        <test-method signature="PaymentPageValidateTest()[pri:2, instance:com.mystore.qa.testcases.PaymentPageTest@3ad83a66]" started-at="2021-11-10T14:23:22 IST" name="PaymentPageValidateTest" finished-at="2021-11-10T14:23:22 IST" duration-ms="59" status="PASS">
          <reporter-output>
          </reporter-output>
        </test-method> <!-- PaymentPageValidateTest -->
        <test-method is-config="true" signature="tearDown()[pri:0, instance:com.mystore.qa.testcases.PaymentPageTest@3ad83a66]" started-at="2021-11-10T14:23:22 IST" name="tearDown" finished-at="2021-11-10T14:23:22 IST" duration-ms="674" status="PASS">
          <reporter-output>
          </reporter-output>
        </test-method> <!-- tearDown -->
        <test-method is-config="true" signature="setup()[pri:0, instance:com.mystore.qa.testcases.PaymentPageTest@3ad83a66]" started-at="2021-11-10T14:23:22 IST" name="setup" finished-at="2021-11-10T14:23:54 IST" duration-ms="31640" status="PASS">
          <reporter-output>
          </reporter-output>
        </test-method> <!-- setup -->
        <test-method signature="ProceedToCheckoutTest()[pri:3, instance:com.mystore.qa.testcases.PaymentPageTest@3ad83a66]" started-at="2021-11-10T14:23:54 IST" name="ProceedToCheckoutTest" finished-at="2021-11-10T14:23:55 IST" duration-ms="1200" status="PASS">
          <reporter-output>
          </reporter-output>
        </test-method> <!-- ProceedToCheckoutTest -->
        <test-method is-config="true" signature="tearDown()[pri:0, instance:com.mystore.qa.testcases.PaymentPageTest@3ad83a66]" started-at="2021-11-10T14:23:55 IST" name="tearDown" finished-at="2021-11-10T14:23:56 IST" duration-ms="824" status="PASS">
          <reporter-output>
          </reporter-output>
        </test-method> <!-- tearDown -->
      </class> <!-- com.mystore.qa.testcases.PaymentPageTest -->
      <class name="com.mystore.qa.testcases.PrintedDressPageTest">
        <test-method is-config="true" signature="setup()[pri:0, instance:com.mystore.qa.testcases.PrintedDressPageTest@6f204a1a]" started-at="2021-11-10T14:16:33 IST" name="setup" finished-at="2021-11-10T14:16:52 IST" duration-ms="19512" status="PASS">
          <reporter-output>
          </reporter-output>
        </test-method> <!-- setup -->
        <test-method signature="PrinteDressPageTitleTest()[pri:1, instance:com.mystore.qa.testcases.PrintedDressPageTest@6f204a1a]" started-at="2021-11-10T14:16:52 IST" name="PrinteDressPageTitleTest" finished-at="2021-11-10T14:16:52 IST" duration-ms="4" status="PASS">
          <reporter-output>
          </reporter-output>
        </test-method> <!-- PrinteDressPageTitleTest -->
        <test-method is-config="true" signature="tearDown()[pri:0, instance:com.mystore.qa.testcases.PrintedDressPageTest@6f204a1a]" started-at="2021-11-10T14:16:52 IST" name="tearDown" finished-at="2021-11-10T14:16:53 IST" duration-ms="1176" status="PASS">
          <reporter-output>
          </reporter-output>
        </test-method> <!-- tearDown -->
        <test-method is-config="true" signature="setup()[pri:0, instance:com.mystore.qa.testcases.PrintedDressPageTest@6f204a1a]" started-at="2021-11-10T14:16:53 IST" name="setup" finished-at="2021-11-10T14:17:13 IST" duration-ms="20094" status="PASS">
          <reporter-output>
          </reporter-output>
        </test-method> <!-- setup -->
        <test-method signature="PrintedDressPageValidateTest()[pri:2, instance:com.mystore.qa.testcases.PrintedDressPageTest@6f204a1a]" started-at="2021-11-10T14:17:13 IST" name="PrintedDressPageValidateTest" finished-at="2021-11-10T14:17:13 IST" duration-ms="52" status="PASS">
          <reporter-output>
          </reporter-output>
        </test-method> <!-- PrintedDressPageValidateTest -->
        <test-method is-config="true" signature="tearDown()[pri:0, instance:com.mystore.qa.testcases.PrintedDressPageTest@6f204a1a]" started-at="2021-11-10T14:17:13 IST" name="tearDown" finished-at="2021-11-10T14:17:15 IST" duration-ms="1217" status="PASS">
          <reporter-output>
          </reporter-output>
        </test-method> <!-- tearDown -->
        <test-method is-config="true" signature="setup()[pri:0, instance:com.mystore.qa.testcases.PrintedDressPageTest@6f204a1a]" started-at="2021-11-10T14:17:15 IST" name="setup" finished-at="2021-11-10T14:17:36 IST" duration-ms="21089" status="PASS">
          <reporter-output>
          </reporter-output>
        </test-method> <!-- setup -->
        <test-method signature="AddItemAndProceedToCheckoutTest()[pri:3, instance:com.mystore.qa.testcases.PrintedDressPageTest@6f204a1a]" started-at="2021-11-10T14:17:36 IST" name="AddItemAndProceedToCheckoutTest" finished-at="2021-11-10T14:17:39 IST" duration-ms="2951" status="PASS">
          <reporter-output>
          </reporter-output>
        </test-method> <!-- AddItemAndProceedToCheckoutTest -->
        <test-method is-config="true" signature="tearDown()[pri:0, instance:com.mystore.qa.testcases.PrintedDressPageTest@6f204a1a]" started-at="2021-11-10T14:17:39 IST" name="tearDown" finished-at="2021-11-10T14:17:40 IST" duration-ms="852" status="PASS">
          <reporter-output>
          </reporter-output>
        </test-method> <!-- tearDown -->
      </class> <!-- com.mystore.qa.testcases.PrintedDressPageTest -->
      <class name="com.mystore.qa.testcases.AddressPageTest">
        <test-method is-config="true" signature="setup()[pri:0, instance:com.mystore.qa.testcases.AddressPageTest@5f8e8a9d]" started-at="2021-11-10T14:19:47 IST" name="setup" finished-at="2021-11-10T14:20:12 IST" duration-ms="25126" status="PASS">
          <reporter-output>
          </reporter-output>
        </test-method> <!-- setup -->
        <test-method signature="AddressPageTitleTest()[pri:1, instance:com.mystore.qa.testcases.AddressPageTest@5f8e8a9d]" started-at="2021-11-10T14:20:12 IST" name="AddressPageTitleTest" finished-at="2021-11-10T14:20:12 IST" duration-ms="6" status="PASS">
          <reporter-output>
          </reporter-output>
        </test-method> <!-- AddressPageTitleTest -->
        <test-method is-config="true" signature="tearDown()[pri:0, instance:com.mystore.qa.testcases.AddressPageTest@5f8e8a9d]" started-at="2021-11-10T14:20:12 IST" name="tearDown" finished-at="2021-11-10T14:20:13 IST" duration-ms="751" status="PASS">
          <reporter-output>
          </reporter-output>
        </test-method> <!-- tearDown -->
        <test-method is-config="true" signature="setup()[pri:0, instance:com.mystore.qa.testcases.AddressPageTest@5f8e8a9d]" started-at="2021-11-10T14:20:13 IST" name="setup" finished-at="2021-11-10T14:20:37 IST" duration-ms="24006" status="PASS">
          <reporter-output>
          </reporter-output>
        </test-method> <!-- setup -->
        <test-method signature="AddressPageValidateTest()[pri:2, instance:com.mystore.qa.testcases.AddressPageTest@5f8e8a9d]" started-at="2021-11-10T14:20:37 IST" name="AddressPageValidateTest" finished-at="2021-11-10T14:20:37 IST" duration-ms="55" status="PASS">
          <reporter-output>
          </reporter-output>
        </test-method> <!-- AddressPageValidateTest -->
        <test-method is-config="true" signature="tearDown()[pri:0, instance:com.mystore.qa.testcases.AddressPageTest@5f8e8a9d]" started-at="2021-11-10T14:20:37 IST" name="tearDown" finished-at="2021-11-10T14:20:38 IST" duration-ms="805" status="PASS">
          <reporter-output>
          </reporter-output>
        </test-method> <!-- tearDown -->
        <test-method is-config="true" signature="setup()[pri:0, instance:com.mystore.qa.testcases.AddressPageTest@5f8e8a9d]" started-at="2021-11-10T14:20:38 IST" name="setup" finished-at="2021-11-10T14:21:03 IST" duration-ms="25393" status="PASS">
          <reporter-output>
          </reporter-output>
        </test-method> <!-- setup -->
        <test-method signature="ProceedToCheckoutTest()[pri:3, instance:com.mystore.qa.testcases.AddressPageTest@5f8e8a9d]" started-at="2021-11-10T14:21:03 IST" name="ProceedToCheckoutTest" finished-at="2021-11-10T14:21:05 IST" duration-ms="1818" status="PASS">
          <reporter-output>
          </reporter-output>
        </test-method> <!-- ProceedToCheckoutTest -->
        <test-method is-config="true" signature="tearDown()[pri:0, instance:com.mystore.qa.testcases.AddressPageTest@5f8e8a9d]" started-at="2021-11-10T14:21:05 IST" name="tearDown" finished-at="2021-11-10T14:21:05 IST" duration-ms="732" status="PASS">
          <reporter-output>
          </reporter-output>
        </test-method> <!-- tearDown -->
      </class> <!-- com.mystore.qa.testcases.AddressPageTest -->
      <class name="com.mystore.qa.testcases.OrderSummaryPageTest">
        <test-method is-config="true" signature="setup()[pri:0, instance:com.mystore.qa.testcases.OrderSummaryPageTest@3cce5371]" started-at="2021-11-10T14:23:56 IST" name="setup" finished-at="2021-11-10T14:24:26 IST" duration-ms="29772" status="PASS">
          <reporter-output>
          </reporter-output>
        </test-method> <!-- setup -->
        <test-method signature="OrderSummaryPageTitleTest()[pri:1, instance:com.mystore.qa.testcases.OrderSummaryPageTest@3cce5371]" started-at="2021-11-10T14:24:26 IST" name="OrderSummaryPageTitleTest" finished-at="2021-11-10T14:24:26 IST" duration-ms="12" status="PASS">
          <reporter-output>
          </reporter-output>
        </test-method> <!-- OrderSummaryPageTitleTest -->
        <test-method is-config="true" signature="tearDown()[pri:0, instance:com.mystore.qa.testcases.OrderSummaryPageTest@3cce5371]" started-at="2021-11-10T14:24:26 IST" name="tearDown" finished-at="2021-11-10T14:24:27 IST" duration-ms="727" status="PASS">
          <reporter-output>
          </reporter-output>
        </test-method> <!-- tearDown -->
        <test-method is-config="true" signature="setup()[pri:0, instance:com.mystore.qa.testcases.OrderSummaryPageTest@3cce5371]" started-at="2021-11-10T14:24:27 IST" name="setup" finished-at="2021-11-10T14:24:58 IST" duration-ms="31105" status="PASS">
          <reporter-output>
          </reporter-output>
        </test-method> <!-- setup -->
        <test-method signature="OrderSummaryPageValidateTest()[pri:2, instance:com.mystore.qa.testcases.OrderSummaryPageTest@3cce5371]" started-at="2021-11-10T14:24:58 IST" name="OrderSummaryPageValidateTest" finished-at="2021-11-10T14:24:58 IST" duration-ms="55" status="PASS">
          <reporter-output>
          </reporter-output>
        </test-method> <!-- OrderSummaryPageValidateTest -->
        <test-method is-config="true" signature="tearDown()[pri:0, instance:com.mystore.qa.testcases.OrderSummaryPageTest@3cce5371]" started-at="2021-11-10T14:24:58 IST" name="tearDown" finished-at="2021-11-10T14:24:59 IST" duration-ms="765" status="PASS">
          <reporter-output>
          </reporter-output>
        </test-method> <!-- tearDown -->
        <test-method is-config="true" signature="setup()[pri:0, instance:com.mystore.qa.testcases.OrderSummaryPageTest@3cce5371]" started-at="2021-11-10T14:24:59 IST" name="setup" finished-at="2021-11-10T14:25:29 IST" duration-ms="30468" status="PASS">
          <reporter-output>
          </reporter-output>
        </test-method> <!-- setup -->
        <test-method signature="CheckOrderSummaryPageValidateTest()[pri:3, instance:com.mystore.qa.testcases.OrderSummaryPageTest@3cce5371]" started-at="2021-11-10T14:25:29 IST" name="CheckOrderSummaryPageValidateTest" finished-at="2021-11-10T14:25:29 IST" duration-ms="49" status="PASS">
          <reporter-output>
          </reporter-output>
        </test-method> <!-- CheckOrderSummaryPageValidateTest -->
        <test-method is-config="true" signature="tearDown()[pri:0, instance:com.mystore.qa.testcases.OrderSummaryPageTest@3cce5371]" started-at="2021-11-10T14:25:29 IST" name="tearDown" finished-at="2021-11-10T14:25:30 IST" duration-ms="736" status="PASS">
          <reporter-output>
          </reporter-output>
        </test-method> <!-- tearDown -->
        <test-method is-config="true" signature="setup()[pri:0, instance:com.mystore.qa.testcases.OrderSummaryPageTest@3cce5371]" started-at="2021-11-10T14:25:30 IST" name="setup" finished-at="2021-11-10T14:26:03 IST" duration-ms="33194" status="PASS">
          <reporter-output>
          </reporter-output>
        </test-method> <!-- setup -->
        <test-method signature="OrderProceedToCheckoutTest()[pri:4, instance:com.mystore.qa.testcases.OrderSummaryPageTest@3cce5371]" started-at="2021-11-10T14:26:03 IST" name="OrderProceedToCheckoutTest" finished-at="2021-11-10T14:26:06 IST" duration-ms="2937" status="PASS">
          <reporter-output>
          </reporter-output>
        </test-method> <!-- OrderProceedToCheckoutTest -->
        <test-method is-config="true" signature="tearDown()[pri:0, instance:com.mystore.qa.testcases.OrderSummaryPageTest@3cce5371]" started-at="2021-11-10T14:26:06 IST" name="tearDown" finished-at="2021-11-10T14:26:07 IST" duration-ms="804" status="PASS">
          <reporter-output>
          </reporter-output>
        </test-method> <!-- tearDown -->
      </class> <!-- com.mystore.qa.testcases.OrderSummaryPageTest -->
      <class name="com.mystore.qa.testcases.OrderHistoryPageTest">
        <test-method is-config="true" signature="setup()[pri:0, instance:com.mystore.qa.testcases.OrderHistoryPageTest@6e535154]" started-at="2021-11-10T14:27:54 IST" name="setup" finished-at="2021-11-10T14:28:32 IST" duration-ms="38096" status="PASS">
          <reporter-output>
          </reporter-output>
        </test-method> <!-- setup -->
        <test-method signature="OrderHistoryPageTitleTest()[pri:1, instance:com.mystore.qa.testcases.OrderHistoryPageTest@6e535154]" started-at="2021-11-10T14:28:32 IST" name="OrderHistoryPageTitleTest" finished-at="2021-11-10T14:28:32 IST" duration-ms="5" status="PASS">
          <reporter-output>
          </reporter-output>
        </test-method> <!-- OrderHistoryPageTitleTest -->
        <test-method is-config="true" signature="tearDown()[pri:0, instance:com.mystore.qa.testcases.OrderHistoryPageTest@6e535154]" started-at="2021-11-10T14:28:32 IST" name="tearDown" finished-at="2021-11-10T14:28:33 IST" duration-ms="867" status="PASS">
          <reporter-output>
          </reporter-output>
        </test-method> <!-- tearDown -->
        <test-method is-config="true" signature="setup()[pri:0, instance:com.mystore.qa.testcases.OrderHistoryPageTest@6e535154]" started-at="2021-11-10T14:28:33 IST" name="setup" finished-at="2021-11-10T14:29:15 IST" duration-ms="41784" status="PASS">
          <reporter-output>
          </reporter-output>
        </test-method> <!-- setup -->
        <test-method signature="OrderHistoryPageValidateTest()[pri:2, instance:com.mystore.qa.testcases.OrderHistoryPageTest@6e535154]" started-at="2021-11-10T14:29:15 IST" name="OrderHistoryPageValidateTest" finished-at="2021-11-10T14:29:15 IST" duration-ms="47" status="PASS">
          <reporter-output>
          </reporter-output>
        </test-method> <!-- OrderHistoryPageValidateTest -->
        <test-method is-config="true" signature="tearDown()[pri:0, instance:com.mystore.qa.testcases.OrderHistoryPageTest@6e535154]" started-at="2021-11-10T14:29:15 IST" name="tearDown" finished-at="2021-11-10T14:29:16 IST" duration-ms="684" status="PASS">
          <reporter-output>
          </reporter-output>
        </test-method> <!-- tearDown -->
        <test-method is-config="true" signature="setup()[pri:0, instance:com.mystore.qa.testcases.OrderHistoryPageTest@6e535154]" started-at="2021-11-10T14:29:16 IST" name="setup" finished-at="2021-11-10T14:29:53 IST" duration-ms="36721" status="PASS">
          <reporter-output>
          </reporter-output>
        </test-method> <!-- setup -->
        <test-method signature="CheckTheDateOfOrderTest()[pri:3, instance:com.mystore.qa.testcases.OrderHistoryPageTest@6e535154]" started-at="2021-11-10T14:29:53 IST" name="CheckTheDateOfOrderTest" finished-at="2021-11-10T14:29:53 IST" duration-ms="46" status="PASS">
          <reporter-output>
          </reporter-output>
        </test-method> <!-- CheckTheDateOfOrderTest -->
        <test-method is-config="true" signature="tearDown()[pri:0, instance:com.mystore.qa.testcases.OrderHistoryPageTest@6e535154]" started-at="2021-11-10T14:29:53 IST" name="tearDown" finished-at="2021-11-10T14:29:53 IST" duration-ms="837" status="PASS">
          <reporter-output>
          </reporter-output>
        </test-method> <!-- tearDown -->
        <test-method is-config="true" signature="setup()[pri:0, instance:com.mystore.qa.testcases.OrderHistoryPageTest@6e535154]" started-at="2021-11-10T14:29:53 IST" name="setup" finished-at="2021-11-10T14:30:33 IST" duration-ms="39991" status="PASS">
          <reporter-output>
          </reporter-output>
        </test-method> <!-- setup -->
        <test-method signature="DownLoadInvoiceTest()[pri:4, instance:com.mystore.qa.testcases.OrderHistoryPageTest@6e535154]" started-at="2021-11-10T14:30:33 IST" name="DownLoadInvoiceTest" finished-at="2021-11-10T14:30:34 IST" duration-ms="101" status="PASS">
          <reporter-output>
          </reporter-output>
        </test-method> <!-- DownLoadInvoiceTest -->
        <test-method is-config="true" signature="tearDown()[pri:0, instance:com.mystore.qa.testcases.OrderHistoryPageTest@6e535154]" started-at="2021-11-10T14:30:34 IST" name="tearDown" finished-at="2021-11-10T14:30:34 IST" duration-ms="808" status="PASS">
          <reporter-output>
          </reporter-output>
        </test-method> <!-- tearDown -->
      </class> <!-- com.mystore.qa.testcases.OrderHistoryPageTest -->
      <class name="com.mystore.qa.testcases.ConfirmationPageTest">
        <test-method is-config="true" signature="setup()[pri:0, instance:com.mystore.qa.testcases.ConfirmationPageTest@17bffc17]" started-at="2021-11-10T14:26:07 IST" name="setup" finished-at="2021-11-10T14:26:43 IST" duration-ms="36029" status="PASS">
          <reporter-output>
          </reporter-output>
        </test-method> <!-- setup -->
        <test-method signature="ConfirmationPageTitleTest()[pri:1, instance:com.mystore.qa.testcases.ConfirmationPageTest@17bffc17]" started-at="2021-11-10T14:26:43 IST" name="ConfirmationPageTitleTest" finished-at="2021-11-10T14:26:43 IST" duration-ms="13" status="PASS">
          <reporter-output>
          </reporter-output>
        </test-method> <!-- ConfirmationPageTitleTest -->
        <test-method is-config="true" signature="tearDown()[pri:0, instance:com.mystore.qa.testcases.ConfirmationPageTest@17bffc17]" started-at="2021-11-10T14:26:43 IST" name="tearDown" finished-at="2021-11-10T14:26:44 IST" duration-ms="711" status="PASS">
          <reporter-output>
          </reporter-output>
        </test-method> <!-- tearDown -->
        <test-method is-config="true" signature="setup()[pri:0, instance:com.mystore.qa.testcases.ConfirmationPageTest@17bffc17]" started-at="2021-11-10T14:26:44 IST" name="setup" finished-at="2021-11-10T14:27:15 IST" duration-ms="31319" status="PASS">
          <reporter-output>
          </reporter-output>
        </test-method> <!-- setup -->
        <test-method signature="ConfirmationPageValidateTest()[pri:2, instance:com.mystore.qa.testcases.ConfirmationPageTest@17bffc17]" started-at="2021-11-10T14:27:15 IST" name="ConfirmationPageValidateTest" finished-at="2021-11-10T14:27:15 IST" duration-ms="46" status="PASS">
          <reporter-output>
          </reporter-output>
        </test-method> <!-- ConfirmationPageValidateTest -->
        <test-method is-config="true" signature="tearDown()[pri:0, instance:com.mystore.qa.testcases.ConfirmationPageTest@17bffc17]" started-at="2021-11-10T14:27:15 IST" name="tearDown" finished-at="2021-11-10T14:27:16 IST" duration-ms="853" status="PASS">
          <reporter-output>
          </reporter-output>
        </test-method> <!-- tearDown -->
        <test-method is-config="true" signature="setup()[pri:0, instance:com.mystore.qa.testcases.ConfirmationPageTest@17bffc17]" started-at="2021-11-10T14:27:16 IST" name="setup" finished-at="2021-11-10T14:27:50 IST" duration-ms="34480" status="PASS">
          <reporter-output>
          </reporter-output>
        </test-method> <!-- setup -->
        <test-method signature="BackToOrderHistoryTest()[pri:3, instance:com.mystore.qa.testcases.ConfirmationPageTest@17bffc17]" started-at="2021-11-10T14:27:50 IST" name="BackToOrderHistoryTest" finished-at="2021-11-10T14:27:54 IST" duration-ms="3355" status="PASS">
          <reporter-output>
          </reporter-output>
        </test-method> <!-- BackToOrderHistoryTest -->
        <test-method is-config="true" signature="tearDown()[pri:0, instance:com.mystore.qa.testcases.ConfirmationPageTest@17bffc17]" started-at="2021-11-10T14:27:54 IST" name="tearDown" finished-at="2021-11-10T14:27:54 IST" duration-ms="783" status="PASS">
          <reporter-output>
          </reporter-output>
        </test-method> <!-- tearDown -->
      </class> <!-- com.mystore.qa.testcases.ConfirmationPageTest -->
      <class name="com.mystore.qa.testcases.LoginPageTest">
        <test-method is-config="true" signature="setup()[pri:0, instance:com.mystore.qa.testcases.LoginPageTest@740fb309]" started-at="2021-11-10T14:14:24 IST" name="setup" finished-at="2021-11-10T14:14:33 IST" duration-ms="8781" status="PASS">
          <reporter-output>
          </reporter-output>
        </test-method> <!-- setup -->
        <test-method signature="loginPageTitleTest()[pri:1, instance:com.mystore.qa.testcases.LoginPageTest@740fb309]" started-at="2021-11-10T14:14:33 IST" name="loginPageTitleTest" finished-at="2021-11-10T14:14:33 IST" duration-ms="20" status="PASS">
          <reporter-output>
          </reporter-output>
        </test-method> <!-- loginPageTitleTest -->
        <test-method is-config="true" signature="tearDown()[pri:0, instance:com.mystore.qa.testcases.LoginPageTest@740fb309]" started-at="2021-11-10T14:14:33 IST" name="tearDown" finished-at="2021-11-10T14:14:34 IST" duration-ms="664" status="PASS">
          <reporter-output>
          </reporter-output>
        </test-method> <!-- tearDown -->
        <test-method is-config="true" signature="setup()[pri:0, instance:com.mystore.qa.testcases.LoginPageTest@740fb309]" started-at="2021-11-10T14:14:34 IST" name="setup" finished-at="2021-11-10T14:14:43 IST" duration-ms="9493" status="PASS">
          <reporter-output>
          </reporter-output>
        </test-method> <!-- setup -->
        <test-method signature="loginPagelogoTest()[pri:2, instance:com.mystore.qa.testcases.LoginPageTest@740fb309]" started-at="2021-11-10T14:14:43 IST" name="loginPagelogoTest" finished-at="2021-11-10T14:14:43 IST" duration-ms="73" status="PASS">
          <reporter-output>
          </reporter-output>
        </test-method> <!-- loginPagelogoTest -->
        <test-method is-config="true" signature="tearDown()[pri:0, instance:com.mystore.qa.testcases.LoginPageTest@740fb309]" started-at="2021-11-10T14:14:43 IST" name="tearDown" finished-at="2021-11-10T14:14:44 IST" duration-ms="767" status="PASS">
          <reporter-output>
          </reporter-output>
        </test-method> <!-- tearDown -->
        <test-method is-config="true" signature="setup()[pri:0, instance:com.mystore.qa.testcases.LoginPageTest@740fb309]" started-at="2021-11-10T14:14:44 IST" name="setup" finished-at="2021-11-10T14:14:54 IST" duration-ms="9575" status="PASS">
          <reporter-output>
          </reporter-output>
        </test-method> <!-- setup -->
        <test-method signature="loginTest()[pri:3, instance:com.mystore.qa.testcases.LoginPageTest@740fb309]" started-at="2021-11-10T14:14:54 IST" name="loginTest" finished-at="2021-11-10T14:14:56 IST" duration-ms="2065" status="PASS">
          <reporter-output>
          </reporter-output>
        </test-method> <!-- loginTest -->
        <test-method is-config="true" signature="tearDown()[pri:0, instance:com.mystore.qa.testcases.LoginPageTest@740fb309]" started-at="2021-11-10T14:14:56 IST" name="tearDown" finished-at="2021-11-10T14:14:56 IST" duration-ms="737" status="PASS">
          <reporter-output>
          </reporter-output>
        </test-method> <!-- tearDown -->
      </class> <!-- com.mystore.qa.testcases.LoginPageTest -->
      <class name="com.mystore.qa.testcases.WomenDressPageTest">
        <test-method is-config="true" signature="setup()[pri:0, instance:com.mystore.qa.testcases.WomenDressPageTest@2a8448fa]" started-at="2021-11-10T14:15:39 IST" name="setup" finished-at="2021-11-10T14:15:58 IST" duration-ms="19046" status="PASS">
          <reporter-output>
          </reporter-output>
        </test-method> <!-- setup -->
        <test-method signature="WomenDressPageTitleTest()[pri:1, instance:com.mystore.qa.testcases.WomenDressPageTest@2a8448fa]" started-at="2021-11-10T14:15:58 IST" name="WomenDressPageTitleTest" finished-at="2021-11-10T14:15:58 IST" duration-ms="9" status="PASS">
          <reporter-output>
          </reporter-output>
        </test-method> <!-- WomenDressPageTitleTest -->
        <test-method is-config="true" signature="tearDown()[pri:0, instance:com.mystore.qa.testcases.WomenDressPageTest@2a8448fa]" started-at="2021-11-10T14:15:58 IST" name="tearDown" finished-at="2021-11-10T14:15:59 IST" duration-ms="817" status="PASS">
          <reporter-output>
          </reporter-output>
        </test-method> <!-- tearDown -->
        <test-method is-config="true" signature="setup()[pri:0, instance:com.mystore.qa.testcases.WomenDressPageTest@2a8448fa]" started-at="2021-11-10T14:15:59 IST" name="setup" finished-at="2021-11-10T14:16:12 IST" duration-ms="13670" status="PASS">
          <reporter-output>
          </reporter-output>
        </test-method> <!-- setup -->
        <test-method signature="WomenDressPageValidateTest()[pri:2, instance:com.mystore.qa.testcases.WomenDressPageTest@2a8448fa]" started-at="2021-11-10T14:16:12 IST" name="WomenDressPageValidateTest" finished-at="2021-11-10T14:16:12 IST" duration-ms="65" status="PASS">
          <reporter-output>
          </reporter-output>
        </test-method> <!-- WomenDressPageValidateTest -->
        <test-method is-config="true" signature="tearDown()[pri:0, instance:com.mystore.qa.testcases.WomenDressPageTest@2a8448fa]" started-at="2021-11-10T14:16:12 IST" name="tearDown" finished-at="2021-11-10T14:16:13 IST" duration-ms="838" status="PASS">
          <reporter-output>
          </reporter-output>
        </test-method> <!-- tearDown -->
        <test-method is-config="true" signature="setup()[pri:0, instance:com.mystore.qa.testcases.WomenDressPageTest@2a8448fa]" started-at="2021-11-10T14:16:13 IST" name="setup" finished-at="2021-11-10T14:16:27 IST" duration-ms="13959" status="PASS">
          <reporter-output>
          </reporter-output>
        </test-method> <!-- setup -->
        <test-method signature="addOneItemAndViewOneItemTest()[pri:3, instance:com.mystore.qa.testcases.WomenDressPageTest@2a8448fa]" started-at="2021-11-10T14:16:27 IST" name="addOneItemAndViewOneItemTest" finished-at="2021-11-10T14:16:32 IST" duration-ms="4600" status="PASS">
          <reporter-output>
          </reporter-output>
        </test-method> <!-- addOneItemAndViewOneItemTest -->
        <test-method is-config="true" signature="tearDown()[pri:0, instance:com.mystore.qa.testcases.WomenDressPageTest@2a8448fa]" started-at="2021-11-10T14:16:32 IST" name="tearDown" finished-at="2021-11-10T14:16:33 IST" duration-ms="784" status="PASS">
          <reporter-output>
          </reporter-output>
        </test-method> <!-- tearDown -->
      </class> <!-- com.mystore.qa.testcases.WomenDressPageTest -->
      <class name="com.mystore.qa.testcases.LandingPageTest">
        <test-method is-config="true" signature="setup()[pri:0, instance:com.mystore.qa.testcases.LandingPageTest@7d9d0818]" started-at="2021-11-10T14:14:05 IST" name="setup" finished-at="2021-11-10T14:14:13 IST" duration-ms="8314" status="PASS">
          <reporter-output>
          </reporter-output>
        </test-method> <!-- setup -->
        <test-method signature="loginPageTitleTest()[pri:1, instance:com.mystore.qa.testcases.LandingPageTest@7d9d0818]" started-at="2021-11-10T14:14:13 IST" name="loginPageTitleTest" finished-at="2021-11-10T14:14:13 IST" duration-ms="45" status="PASS">
          <reporter-output>
          </reporter-output>
        </test-method> <!-- loginPageTitleTest -->
        <test-method is-config="true" signature="tearDown()[pri:0, instance:com.mystore.qa.testcases.LandingPageTest@7d9d0818]" started-at="2021-11-10T14:14:13 IST" name="tearDown" finished-at="2021-11-10T14:14:14 IST" duration-ms="716" status="PASS">
          <reporter-output>
          </reporter-output>
        </test-method> <!-- tearDown -->
        <test-method is-config="true" signature="setup()[pri:0, instance:com.mystore.qa.testcases.LandingPageTest@7d9d0818]" started-at="2021-11-10T14:14:14 IST" name="setup" finished-at="2021-11-10T14:14:21 IST" duration-ms="7558" status="PASS">
          <reporter-output>
          </reporter-output>
        </test-method> <!-- setup -->
        <test-method signature="directToLoginPageTest()[pri:2, instance:com.mystore.qa.testcases.LandingPageTest@7d9d0818]" started-at="2021-11-10T14:14:21 IST" name="directToLoginPageTest" finished-at="2021-11-10T14:14:24 IST" duration-ms="2097" status="PASS">
          <reporter-output>
          </reporter-output>
        </test-method> <!-- directToLoginPageTest -->
        <test-method is-config="true" signature="tearDown()[pri:0, instance:com.mystore.qa.testcases.LandingPageTest@7d9d0818]" started-at="2021-11-10T14:14:24 IST" name="tearDown" finished-at="2021-11-10T14:14:24 IST" duration-ms="735" status="PASS">
          <reporter-output>
          </reporter-output>
        </test-method> <!-- tearDown -->
      </class> <!-- com.mystore.qa.testcases.LandingPageTest -->
      <class name="com.mystore.qa.testcases.ShippingPageTest">
        <test-method is-config="true" signature="setup()[pri:0, instance:com.mystore.qa.testcases.ShippingPageTest@5745ca0e]" started-at="2021-11-10T14:21:05 IST" name="setup" finished-at="2021-11-10T14:21:31 IST" duration-ms="25455" status="PASS">
          <reporter-output>
          </reporter-output>
        </test-method> <!-- setup -->
        <test-method signature="ShippingPageTitleTest()[pri:1, instance:com.mystore.qa.testcases.ShippingPageTest@5745ca0e]" started-at="2021-11-10T14:21:31 IST" name="ShippingPageTitleTest" finished-at="2021-11-10T14:21:31 IST" duration-ms="15" status="PASS">
          <reporter-output>
          </reporter-output>
        </test-method> <!-- ShippingPageTitleTest -->
        <test-method is-config="true" signature="tearDown()[pri:0, instance:com.mystore.qa.testcases.ShippingPageTest@5745ca0e]" started-at="2021-11-10T14:21:31 IST" name="tearDown" finished-at="2021-11-10T14:21:32 IST" duration-ms="772" status="PASS">
          <reporter-output>
          </reporter-output>
        </test-method> <!-- tearDown -->
        <test-method is-config="true" signature="setup()[pri:0, instance:com.mystore.qa.testcases.ShippingPageTest@5745ca0e]" started-at="2021-11-10T14:21:32 IST" name="setup" finished-at="2021-11-10T14:21:57 IST" duration-ms="25618" status="PASS">
          <reporter-output>
          </reporter-output>
        </test-method> <!-- setup -->
        <test-method signature="ShippingPageValidateTest()[pri:2, instance:com.mystore.qa.testcases.ShippingPageTest@5745ca0e]" started-at="2021-11-10T14:21:57 IST" name="ShippingPageValidateTest" finished-at="2021-11-10T14:21:57 IST" duration-ms="62" status="PASS">
          <reporter-output>
          </reporter-output>
        </test-method> <!-- ShippingPageValidateTest -->
        <test-method is-config="true" signature="tearDown()[pri:0, instance:com.mystore.qa.testcases.ShippingPageTest@5745ca0e]" started-at="2021-11-10T14:21:57 IST" name="tearDown" finished-at="2021-11-10T14:21:58 IST" duration-ms="796" status="PASS">
          <reporter-output>
          </reporter-output>
        </test-method> <!-- tearDown -->
        <test-method is-config="true" signature="setup()[pri:0, instance:com.mystore.qa.testcases.ShippingPageTest@5745ca0e]" started-at="2021-11-10T14:21:58 IST" name="setup" finished-at="2021-11-10T14:22:21 IST" duration-ms="22734" status="PASS">
          <reporter-output>
          </reporter-output>
        </test-method> <!-- setup -->
        <test-method signature="ProceedToCheckoutTest()[pri:3, instance:com.mystore.qa.testcases.ShippingPageTest@5745ca0e]" started-at="2021-11-10T14:22:21 IST" name="ProceedToCheckoutTest" finished-at="2021-11-10T14:22:23 IST" duration-ms="1748" status="PASS">
          <reporter-output>
          </reporter-output>
        </test-method> <!-- ProceedToCheckoutTest -->
        <test-method is-config="true" signature="tearDown()[pri:0, instance:com.mystore.qa.testcases.ShippingPageTest@5745ca0e]" started-at="2021-11-10T14:22:23 IST" name="tearDown" finished-at="2021-11-10T14:22:24 IST" duration-ms="868" status="PASS">
          <reporter-output>
          </reporter-output>
        </test-method> <!-- tearDown -->
      </class> <!-- com.mystore.qa.testcases.ShippingPageTest -->
      <class name="com.mystore.qa.testcases.HomePageTest">
        <test-method is-config="true" signature="setup()[pri:0, instance:com.mystore.qa.testcases.HomePageTest@239a307b]" started-at="2021-11-10T14:14:56 IST" name="setup" finished-at="2021-11-10T14:15:09 IST" duration-ms="12797" status="PASS">
          <reporter-output>
          </reporter-output>
        </test-method> <!-- setup -->
        <test-method signature="HomePageTitleTest()[pri:1, instance:com.mystore.qa.testcases.HomePageTest@239a307b]" started-at="2021-11-10T14:15:09 IST" name="HomePageTitleTest" finished-at="2021-11-10T14:15:09 IST" duration-ms="16" status="PASS">
          <reporter-output>
          </reporter-output>
        </test-method> <!-- HomePageTitleTest -->
        <test-method is-config="true" signature="tearDown()[pri:0, instance:com.mystore.qa.testcases.HomePageTest@239a307b]" started-at="2021-11-10T14:15:09 IST" name="tearDown" finished-at="2021-11-10T14:15:10 IST" duration-ms="769" status="PASS">
          <reporter-output>
          </reporter-output>
        </test-method> <!-- tearDown -->
        <test-method is-config="true" signature="setup()[pri:0, instance:com.mystore.qa.testcases.HomePageTest@239a307b]" started-at="2021-11-10T14:15:10 IST" name="setup" finished-at="2021-11-10T14:15:22 IST" duration-ms="11660" status="PASS">
          <reporter-output>
          </reporter-output>
        </test-method> <!-- setup -->
        <test-method signature="HomePageUserNameTest()[pri:2, instance:com.mystore.qa.testcases.HomePageTest@239a307b]" started-at="2021-11-10T14:15:22 IST" name="HomePageUserNameTest" finished-at="2021-11-10T14:15:22 IST" duration-ms="63" status="PASS">
          <reporter-output>
          </reporter-output>
        </test-method> <!-- HomePageUserNameTest -->
        <test-method is-config="true" signature="tearDown()[pri:0, instance:com.mystore.qa.testcases.HomePageTest@239a307b]" started-at="2021-11-10T14:15:22 IST" name="tearDown" finished-at="2021-11-10T14:15:22 IST" duration-ms="717" status="PASS">
          <reporter-output>
          </reporter-output>
        </test-method> <!-- tearDown -->
        <test-method is-config="true" signature="setup()[pri:0, instance:com.mystore.qa.testcases.HomePageTest@239a307b]" started-at="2021-11-10T14:15:22 IST" name="setup" finished-at="2021-11-10T14:15:35 IST" duration-ms="12817" status="PASS">
          <reporter-output>
          </reporter-output>
        </test-method> <!-- setup -->
        <test-method signature="directToWomenDressPageTest()[pri:3, instance:com.mystore.qa.testcases.HomePageTest@239a307b]" started-at="2021-11-10T14:15:35 IST" name="directToWomenDressPageTest" finished-at="2021-11-10T14:15:38 IST" duration-ms="2683" status="PASS">
          <reporter-output>
          </reporter-output>
        </test-method> <!-- directToWomenDressPageTest -->
        <test-method is-config="true" signature="tearDown()[pri:0, instance:com.mystore.qa.testcases.HomePageTest@239a307b]" started-at="2021-11-10T14:15:38 IST" name="tearDown" finished-at="2021-11-10T14:15:39 IST" duration-ms="823" status="PASS">
          <reporter-output>
          </reporter-output>
        </test-method> <!-- tearDown -->
      </class> <!-- com.mystore.qa.testcases.HomePageTest -->
      <class name="com.mystore.qa.testcases.ShoppingCartSummaryPageTest">
        <test-method is-config="true" signature="setup()[pri:0, instance:com.mystore.qa.testcases.ShoppingCartSummaryPageTest@2de56eb2]" started-at="2021-11-10T14:17:40 IST" name="setup" finished-at="2021-11-10T14:18:08 IST" duration-ms="28391" status="PASS">
          <reporter-output>
          </reporter-output>
        </test-method> <!-- setup -->
        <test-method signature="PrinteDressPageTitleTest()[pri:1, instance:com.mystore.qa.testcases.ShoppingCartSummaryPageTest@2de56eb2]" started-at="2021-11-10T14:18:08 IST" name="PrinteDressPageTitleTest" finished-at="2021-11-10T14:18:08 IST" duration-ms="7" status="PASS">
          <reporter-output>
          </reporter-output>
        </test-method> <!-- PrinteDressPageTitleTest -->
        <test-method is-config="true" signature="tearDown()[pri:0, instance:com.mystore.qa.testcases.ShoppingCartSummaryPageTest@2de56eb2]" started-at="2021-11-10T14:18:08 IST" name="tearDown" finished-at="2021-11-10T14:18:09 IST" duration-ms="764" status="PASS">
          <reporter-output>
          </reporter-output>
        </test-method> <!-- tearDown -->
        <test-method is-config="true" signature="setup()[pri:0, instance:com.mystore.qa.testcases.ShoppingCartSummaryPageTest@2de56eb2]" started-at="2021-11-10T14:18:09 IST" name="setup" finished-at="2021-11-10T14:18:35 IST" duration-ms="25888" status="PASS">
          <reporter-output>
          </reporter-output>
        </test-method> <!-- setup -->
        <test-method signature="PrintedDressPageValidateTest()[pri:2, instance:com.mystore.qa.testcases.ShoppingCartSummaryPageTest@2de56eb2]" started-at="2021-11-10T14:18:35 IST" name="PrintedDressPageValidateTest" finished-at="2021-11-10T14:18:35 IST" duration-ms="52" status="PASS">
          <reporter-output>
          </reporter-output>
        </test-method> <!-- PrintedDressPageValidateTest -->
        <test-method is-config="true" signature="tearDown()[pri:0, instance:com.mystore.qa.testcases.ShoppingCartSummaryPageTest@2de56eb2]" started-at="2021-11-10T14:18:35 IST" name="tearDown" finished-at="2021-11-10T14:18:35 IST" duration-ms="761" status="PASS">
          <reporter-output>
          </reporter-output>
        </test-method> <!-- tearDown -->
        <test-method is-config="true" signature="setup()[pri:0, instance:com.mystore.qa.testcases.ShoppingCartSummaryPageTest@2de56eb2]" started-at="2021-11-10T14:18:35 IST" name="setup" finished-at="2021-11-10T14:18:58 IST" duration-ms="22381" status="PASS">
          <reporter-output>
          </reporter-output>
        </test-method> <!-- setup -->
        <test-method signature="TwoProductsTest()[pri:3, instance:com.mystore.qa.testcases.ShoppingCartSummaryPageTest@2de56eb2]" started-at="2021-11-10T14:18:58 IST" name="TwoProductsTest" finished-at="2021-11-10T14:18:58 IST" duration-ms="55" status="PASS">
          <reporter-output>
          </reporter-output>
        </test-method> <!-- TwoProductsTest -->
        <test-method is-config="true" signature="tearDown()[pri:0, instance:com.mystore.qa.testcases.ShoppingCartSummaryPageTest@2de56eb2]" started-at="2021-11-10T14:18:58 IST" name="tearDown" finished-at="2021-11-10T14:18:59 IST" duration-ms="819" status="PASS">
          <reporter-output>
          </reporter-output>
        </test-method> <!-- tearDown -->
        <test-method is-config="true" signature="setup()[pri:0, instance:com.mystore.qa.testcases.ShoppingCartSummaryPageTest@2de56eb2]" started-at="2021-11-10T14:18:59 IST" name="setup" finished-at="2021-11-10T14:19:22 IST" duration-ms="23204" status="PASS">
          <reporter-output>
          </reporter-output>
        </test-method> <!-- setup -->
        <test-method signature="ExactTwoProductsTest()[pri:4, instance:com.mystore.qa.testcases.ShoppingCartSummaryPageTest@2de56eb2]" started-at="2021-11-10T14:19:22 IST" name="ExactTwoProductsTest" finished-at="2021-11-10T14:19:22 IST" duration-ms="80" status="PASS">
          <reporter-output>
          </reporter-output>
        </test-method> <!-- ExactTwoProductsTest -->
        <test-method is-config="true" signature="tearDown()[pri:0, instance:com.mystore.qa.testcases.ShoppingCartSummaryPageTest@2de56eb2]" started-at="2021-11-10T14:19:22 IST" name="tearDown" finished-at="2021-11-10T14:19:23 IST" duration-ms="890" status="PASS">
          <reporter-output>
          </reporter-output>
        </test-method> <!-- tearDown -->
        <test-method is-config="true" signature="setup()[pri:0, instance:com.mystore.qa.testcases.ShoppingCartSummaryPageTest@2de56eb2]" started-at="2021-11-10T14:19:23 IST" name="setup" finished-at="2021-11-10T14:19:44 IST" duration-ms="20874" status="PASS">
          <reporter-output>
          </reporter-output>
        </test-method> <!-- setup -->
        <test-method signature="ProceedToCheckoutTest()[pri:5, instance:com.mystore.qa.testcases.ShoppingCartSummaryPageTest@2de56eb2]" started-at="2021-11-10T14:19:44 IST" name="ProceedToCheckoutTest" finished-at="2021-11-10T14:19:46 IST" duration-ms="2166" status="PASS">
          <reporter-output>
          </reporter-output>
        </test-method> <!-- ProceedToCheckoutTest -->
        <test-method is-config="true" signature="tearDown()[pri:0, instance:com.mystore.qa.testcases.ShoppingCartSummaryPageTest@2de56eb2]" started-at="2021-11-10T14:19:46 IST" name="tearDown" finished-at="2021-11-10T14:19:47 IST" duration-ms="872" status="PASS">
          <reporter-output>
          </reporter-output>
        </test-method> <!-- tearDown -->
      </class> <!-- com.mystore.qa.testcases.ShoppingCartSummaryPageTest -->
    </test> <!-- My Store Test Cases -->
  </suite> <!-- My Store Test Automation Test Suite -->
</testng-results>
